INFO:root:hi
WARNING:root:this is a way
CRITICAL:root:to check if logging works
INFO:root:------------------------------------------------------------------------------------------
WARNING:root:  not_real register: Addr 0x01, read 0x0
WARNING:root:  config register: Addr 0x02, read 0x200
WARNING:root:  chan_sel register: Addr 0x03, read 0x200
WARNING:root:  rangeA1 register: Addr 0x04, read 0x400
WARNING:root:  rangeA2 register: Addr 0x05, read 0x500
WARNING:root:  rangeB1 register: Addr 0x06, read 0x400
WARNING:root:  rangeB2 register: Addr 0x07, read 0x400
INFO:root:  status register: Addr 0x08, read 0x0
WARNING:root:  over_rangeA register: Addr 0x0A, read 0xa00
WARNING:root:  over_rangeB register: Addr 0x0B, read 0xa00
WARNING:root:  lpf_config register: Addr 0x0D, read 0x900
WARNING:root:  devID register: Addr 0x10, read 0x1000
INFO:root:  seq0 register: Addr 0x20, read 0x0
WARNING:root:  seq1 register: Addr 0x21, read 0x100
WARNING:root:  seq2 register: Addr 0x22, read 0x200
WARNING:root:  seq3 register: Addr 0x23, read 0x200
WARNING:root:  seq4 register: Addr 0x24, read 0x0
WARNING:root:  seq5 register: Addr 0x25, read 0x100
WARNING:root:  seq6 register: Addr 0x26, read 0x0
WARNING:root:  seq7 register: Addr 0x27, read 0x100
WARNING:root:  seq8 register: Addr 0x28, read 0x800
WARNING:root:  seq9 register: Addr 0x29, read 0x800
WARNING:root:  seq10 register: Addr 0x2A, read 0xa00
WARNING:root:  seq11 register: Addr 0x2B, read 0xa00
WARNING:root:  seq12 register: Addr 0x2C, read 0x800
WARNING:root:  seq13 register: Addr 0x2D, read 0x900
WARNING:root:  seq14 register: Addr 0x2E, read 0x800
WARNING:root:  seq15 register: Addr 0x2F, read 0x800
INFO:root:  seq16 register: Addr 0x30, read 0x0
WARNING:root:  seq17 register: Addr 0x31, read 0x100
INFO:root:  seq18 register: Addr 0x32, read 0x0
INFO:root:  seq19 register: Addr 0x33, read 0x0
WARNING:root:  seq20 register: Addr 0x34, read 0x400
WARNING:root:  seq21 register: Addr 0x35, read 0x500
WARNING:root:  seq22 register: Addr 0x36, read 0x400
WARNING:root:  seq23 register: Addr 0x37, read 0x500
INFO:root:  seq24 register: Addr 0x38, read 0x0
INFO:root:  seq25 register: Addr 0x39, read 0x0
INFO:root:  seq26 register: Addr 0x3A, read 0x0
INFO:root:  seq27 register: Addr 0x3B, read 0x0
INFO:root:  seq28 register: Addr 0x3C, read 0x0
WARNING:root:  seq29 register: Addr 0x3D, read 0x100
INFO:root:  seq30 register: Addr 0x3E, read 0x0
INFO:root:  seq31 register: Addr 0x3F, read 0x0
WARNING:root:  not_real register: Addr 0x01, read 0x0
WARNING:root:  config register: Addr 0x02, read 0x200
WARNING:root:  chan_sel register: Addr 0x03, read 0x200
WARNING:root:  rangeA1 register: Addr 0x04, read 0x400
WARNING:root:  rangeA2 register: Addr 0x05, read 0x500
WARNING:root:  rangeB1 register: Addr 0x06, read 0x400
WARNING:root:  rangeB2 register: Addr 0x07, read 0x400
INFO:root:  status register: Addr 0x08, read 0x0
WARNING:root:  over_rangeA register: Addr 0x0A, read 0xa00
WARNING:root:  over_rangeB register: Addr 0x0B, read 0xa00
WARNING:root:  lpf_config register: Addr 0x0D, read 0x100
WARNING:root:  devID register: Addr 0x10, read 0x1000
INFO:root:  seq0 register: Addr 0x20, read 0x0
WARNING:root:  seq1 register: Addr 0x21, read 0x100
WARNING:root:  seq2 register: Addr 0x22, read 0x200
WARNING:root:  seq3 register: Addr 0x23, read 0x200
WARNING:root:  seq4 register: Addr 0x24, read 0x0
WARNING:root:  seq5 register: Addr 0x25, read 0x100
WARNING:root:  seq6 register: Addr 0x26, read 0x0
WARNING:root:  seq7 register: Addr 0x27, read 0x100
WARNING:root:  seq8 register: Addr 0x28, read 0x800
WARNING:root:  seq9 register: Addr 0x29, read 0x800
WARNING:root:  seq10 register: Addr 0x2A, read 0xa00
WARNING:root:  seq11 register: Addr 0x2B, read 0xa00
WARNING:root:  seq12 register: Addr 0x2C, read 0x800
WARNING:root:  seq13 register: Addr 0x2D, read 0x900
WARNING:root:  seq14 register: Addr 0x2E, read 0x800
WARNING:root:  seq15 register: Addr 0x2F, read 0x800
INFO:root:  seq16 register: Addr 0x30, read 0x0
WARNING:root:  seq17 register: Addr 0x31, read 0x100
INFO:root:  seq18 register: Addr 0x32, read 0x0
INFO:root:  seq19 register: Addr 0x33, read 0x0
WARNING:root:  seq20 register: Addr 0x34, read 0x400
WARNING:root:  seq21 register: Addr 0x35, read 0x500
WARNING:root:  seq22 register: Addr 0x36, read 0x400
WARNING:root:  seq23 register: Addr 0x37, read 0x500
INFO:root:  seq24 register: Addr 0x38, read 0x0
INFO:root:  seq25 register: Addr 0x39, read 0x0
INFO:root:  seq26 register: Addr 0x3A, read 0x0
INFO:root:  seq27 register: Addr 0x3B, read 0x0
INFO:root:  seq28 register: Addr 0x3C, read 0x0
WARNING:root:  seq29 register: Addr 0x3D, read 0x100
INFO:root:  seq30 register: Addr 0x3E, read 0x0
INFO:root:  seq31 register: Addr 0x3F, read 0x0
INFO:root:------------------------------------------------------------------------------------------
WARNING:root:  not_real register: Default 0x01, read 0x0
WARNING:root:  config register: Default 0x00, read 0x200
WARNING:root:  chan_sel register: Default 0x00, read 0x200
WARNING:root:  rangeA1 register: Default 0xFF, read 0x400
WARNING:root:  rangeA2 register: Default 0xFF, read 0x500
WARNING:root:  rangeB1 register: Default 0xFF, read 0x400
WARNING:root:  rangeB2 register: Default 0xFF, read 0x400
INFO:root:  status register: Default 0x00, read 0x0
WARNING:root:  over_rangeA register: Default 0x00, read 0x200
WARNING:root:  over_rangeB register: Default 0x00, read 0x200
WARNING:root:  lpf_config register: Default 0x00, read 0x100
WARNING:root:  devID register: Default 0x02, read 0x1000
INFO:root:  seq0 register: Default 0x00, read 0x0
WARNING:root:  seq1 register: Default 0x11, read 0x100
WARNING:root:  seq2 register: Default 0x22, read 0x200
WARNING:root:  seq3 register: Default 0x33, read 0x200
WARNING:root:  seq4 register: Default 0x44, read 0x0
WARNING:root:  seq5 register: Default 0x55, read 0x100
WARNING:root:  seq6 register: Default 0x66, read 0x0
WARNING:root:  seq7 register: Default 0x77, read 0x100
WARNING:root:  seq8 register: Default 0x00, read 0x800
WARNING:root:  seq9 register: Default 0x00, read 0x800
WARNING:root:  seq10 register: Default 0x00, read 0xa00
WARNING:root:  seq11 register: Default 0x00, read 0xa00
WARNING:root:  seq12 register: Default 0x00, read 0x800
WARNING:root:  seq13 register: Default 0x00, read 0x900
WARNING:root:  seq14 register: Default 0x00, read 0x800
WARNING:root:  seq15 register: Default 0x00, read 0x800
INFO:root:  seq16 register: Default 0x00, read 0x0
WARNING:root:  seq17 register: Default 0x00, read 0x100
INFO:root:  seq18 register: Default 0x00, read 0x0
INFO:root:  seq19 register: Default 0x00, read 0x0
WARNING:root:  seq20 register: Default 0x00, read 0x400
WARNING:root:  seq21 register: Default 0x00, read 0x500
WARNING:root:  seq22 register: Default 0x00, read 0x400
WARNING:root:  seq23 register: Default 0x00, read 0x500
INFO:root:  seq24 register: Default 0x00, read 0x0
INFO:root:  seq25 register: Default 0x00, read 0x0
INFO:root:  seq26 register: Default 0x00, read 0x0
INFO:root:  seq27 register: Default 0x00, read 0x0
INFO:root:  seq28 register: Default 0x00, read 0x0
WARNING:root:  seq29 register: Default 0x00, read 0x100
INFO:root:  seq30 register: Default 0x00, read 0x0
INFO:root:  seq31 register: Default 0x00, read 0x0
INFO:root:------------------------------------------------------------------------------------------
INFO:root:  not_real register: Default 0x0, read 0x0
INFO:root:  config register: Default 0x0, read 0x0
INFO:root:  chan_sel register: Default 0x0, read 0x0
WARNING:root:  rangeA1 register: Default 0xFF, read 0x400
WARNING:root:  rangeA2 register: Default 0xFF, read 0x500
WARNING:root:  rangeB1 register: Default 0xFF, read 0x400
WARNING:root:  rangeB2 register: Default 0xFF, read 0x400
INFO:root:  status register: Default 0x0, read 0x0
INFO:root:  over_rangeA register: Default 0x0, read 0x0
INFO:root:  over_rangeB register: Default 0x0, read 0x0
INFO:root:  lpf_config register: Default 0x0, read 0x0
WARNING:root:  devID register: Default 0x2, read 0x0
INFO:root:  seq0 register: Default 0x0, read 0x0
WARNING:root:  seq1 register: Default 0x11, read 0x100
WARNING:root:  seq2 register: Default 0x22, read 0x0
WARNING:root:  seq3 register: Default 0x33, read 0x0
WARNING:root:  seq4 register: Default 0x44, read 0x0
WARNING:root:  seq5 register: Default 0x55, read 0x100
WARNING:root:  seq6 register: Default 0x66, read 0x0
WARNING:root:  seq7 register: Default 0x77, read 0x0
INFO:root:  seq8 register: Default 0x0, read 0x0
INFO:root:  seq9 register: Default 0x0, read 0x0
INFO:root:  seq10 register: Default 0x0, read 0x0
INFO:root:  seq11 register: Default 0x0, read 0x0
INFO:root:  seq12 register: Default 0x0, read 0x0
INFO:root:  seq13 register: Default 0x0, read 0x0
INFO:root:  seq14 register: Default 0x0, read 0x0
INFO:root:  seq15 register: Default 0x0, read 0x0
INFO:root:  seq16 register: Default 0x0, read 0x0
WARNING:root:  seq17 register: Default 0x0, read 0x100
INFO:root:  seq18 register: Default 0x0, read 0x0
INFO:root:  seq19 register: Default 0x0, read 0x0
INFO:root:  seq20 register: Default 0x0, read 0x0
WARNING:root:  seq21 register: Default 0x0, read 0x100
INFO:root:  seq22 register: Default 0x0, read 0x0
INFO:root:  seq23 register: Default 0x0, read 0x0
INFO:root:  seq24 register: Default 0x0, read 0x0
INFO:root:  seq25 register: Default 0x0, read 0x0
INFO:root:  seq26 register: Default 0x0, read 0x0
INFO:root:  seq27 register: Default 0x0, read 0x0
INFO:root:  seq28 register: Default 0x0, read 0x0
INFO:root:  seq29 register: Default 0x0, read 0x0
INFO:root:  seq30 register: Default 0x0, read 0x0
INFO:root:  seq31 register: Default 0x0, read 0x0
INFO:root:  seq0 register: Default 0x0, read 0x0
INFO:root:  seq0 register: Default 0x0, read 0x0
INFO:root:------------------------------------------------------------------------------------------
WARNING:root:  devID register: Default 0x2, read 0x0
WARNING:root:  devID register: Default 0x2, read 0x0
INFO:root:  config register: Default 0x0, read 0x0
INFO:root:  config register: Default 0x0, read 0x0
WARNING:root:  devID register: Default 0x2, read 0x0
WARNING:root:  devID register: Default 0x2, read 0x10a7
WARNING:root:  devID register: Default 0x2, read 0x27
WARNING:root:  devID register: Default 0x2, read 0x27
WARNING:root:  devID register: Default 0x2, read 0x10a7
INFO:root:------------------------------------------------------------------------------------------
WARNING:root:  not_real register: Default 0x0, read 0x36
WARNING:root:  config register: Default 0x0, read 0x236
WARNING:root:  chan_sel register: Default 0x0, read 0x23e
WARNING:root:  rangeA1 register: Default 0xFF, read 0x436
WARNING:root:  rangeA2 register: Default 0xFF, read 0x506
WARNING:root:  rangeB1 register: Default 0xFF, read 0x436
WARNING:root:  rangeB2 register: Default 0xFF, read 0x536
WARNING:root:  status register: Default 0x0, read 0x36
WARNING:root:  over_rangeA register: Default 0x0, read 0x236
WARNING:root:  over_rangeB register: Default 0x0, read 0x216
WARNING:root:  lpf_config register: Default 0x0, read 0x106
WARNING:root:  devID register: Default 0x2, read 0x26
WARNING:root:  seq0 register: Default 0x0, read 0x26
WARNING:root:  seq1 register: Default 0x11, read 0x11e
WARNING:root:  seq2 register: Default 0x22, read 0x236
WARNING:root:  seq3 register: Default 0x33, read 0x33e
WARNING:root:  seq4 register: Default 0x44, read 0x426
WARNING:root:  seq5 register: Default 0x55, read 0x506
WARNING:root:  seq6 register: Default 0x66, read 0x436
WARNING:root:  seq7 register: Default 0x77, read 0x52e
WARNING:root:  seq8 register: Default 0x0, read 0x26
WARNING:root:  seq9 register: Default 0x0, read 0x6
WARNING:root:  seq10 register: Default 0x0, read 0x236
WARNING:root:  seq11 register: Default 0x0, read 0x216
WARNING:root:  seq12 register: Default 0x0, read 0x27
WARNING:root:  seq13 register: Default 0x0, read 0x106
WARNING:root:  seq14 register: Default 0x0, read 0x36
WARNING:root:  seq15 register: Default 0x0, read 0x16
WARNING:root:  seq16 register: Default 0x0, read 0x26
WARNING:root:  seq17 register: Default 0x0, read 0x11e
WARNING:root:  seq18 register: Default 0x0, read 0x36
WARNING:root:  seq19 register: Default 0x0, read 0x13e
WARNING:root:  seq20 register: Default 0x0, read 0x426
WARNING:root:  seq21 register: Default 0x0, read 0x506
WARNING:root:  seq22 register: Default 0x0, read 0x436
WARNING:root:  seq23 register: Default 0x0, read 0x516
WARNING:root:  seq24 register: Default 0x0, read 0x26
WARNING:root:  seq25 register: Default 0x0, read 0x106
WARNING:root:  seq26 register: Default 0x0, read 0x26
WARNING:root:  seq27 register: Default 0x0, read 0x16
WARNING:root:  seq28 register: Default 0x0, read 0x26
WARNING:root:  seq29 register: Default 0x0, read 0x106
WARNING:root:  seq30 register: Default 0x0, read 0x26
WARNING:root:  config register: Default 0x0, read 0x236
WARNING:root:  config register: Default 0x0, read 0x236
INFO:root:------------------------------------------------------------------------------------------
WARNING:root:  config register: Default 0x0, read 0x3b
INFO:root:------------------------------------------------------------------------------------------
WARNING:root:  config register: Default 0x0, read 0x236
WARNING:root:  config register: Default 0x0, read 0x236
WARNING:root:  config register: Default 0x0, read 0x236
WARNING:root:  config register: Default 0x0, read 0x236
INFO:root:------------------------------------------------------------------------------------------
WARNING:root:  config register: Default 0x0, read 0x200
WARNING:root:  config register: Default 0x0, read 0x200
INFO:root:     config register: Default 0x0, read 0x0
INFO:root:     config register: Default 0x0, read 0x0
WARNING:root:  config register: Default 0x0, read 0x200
WARNING:root:  config register: Default 0x0, read 0x200
WARNING:root:  chan_sel register: Default 0x0, read 0x200
INFO:root:------------------------------------------------------------------------------------------
WARNING:root:  config register: Default 0x0, read 0x200
INFO:root:     config register: Default 0x0, read 0x0
WARNING:root:  config register: Default 0x0, read 0x200
INFO:root:------------------------------------------------------------------------------------------
INFO:root:     config register: Default 0x0, read 0x0
INFO:root:     config register: Default 0x0, read 0x0
INFO:root:     config register: Default 0x0, read 0x0
INFO:root:     config register: Default 0x0, read 0x0
INFO:root:     config register: Default 0x0, read 0x0
INFO:root:     config register: Default 0x0, read 0x0
INFO:root:     config register: Default 0x0, read 0x0
INFO:root:     config register: Default 0x0, read 0x0
WARNING:root:  devID register: Default 0x2, read 0x0
WARNING:root:  devID register: Default 0x2, read 0x0
WARNING:root:  devID register: Default 0x2, read 0x0
WARNING:root:  devID register: Default 0x2, read 0x0
WARNING:root:  devID register: Default 0x2, read 0x0
WARNING:root:  devID register: Default 0x2, read 0x0
WARNING:root:  devID register: Default 0x2, read 0x1
WARNING:root:  devID register: Default 0x2, read 0x21
INFO:root:     devID register: Default 0x2, read 0x2
INFO:root:     devID register: Default 0x2, read 0x2
WARNING:root:  devID register: Default 0x2, read 0x0
WARNING:root:  devID register: Default 0x2, read 0x0
INFO:root:     devID register: Default 0x2, read 0x2
INFO:root:------------------------------------------------------------------------------------------
INFO:root:     not_real register: Default 0x0, read 0x0
INFO:root:     config register: Default 0x0, read 0x0
INFO:root:     chan_sel register: Default 0x0, read 0x0
WARNING:root:  rangeA1 register: Default 0xFF, read 0x0
WARNING:root:  rangeA2 register: Default 0xFF, read 0x0
WARNING:root:  rangeB1 register: Default 0xFF, read 0x0
WARNING:root:  rangeB2 register: Default 0xFF, read 0x0
INFO:root:     status register: Default 0x0, read 0x0
INFO:root:     over_rangeA register: Default 0x0, read 0x0
INFO:root:     over_rangeB register: Default 0x0, read 0x0
INFO:root:     lpf_config register: Default 0x0, read 0x0
WARNING:root:  devID register: Default 0x2, read 0x0
INFO:root:     seq0 register: Default 0x0, read 0x0
WARNING:root:  seq1 register: Default 0x11, read 0x0
WARNING:root:  seq2 register: Default 0x22, read 0x0
WARNING:root:  seq3 register: Default 0x33, read 0x0
WARNING:root:  seq4 register: Default 0x44, read 0x0
WARNING:root:  seq5 register: Default 0x55, read 0x0
WARNING:root:  seq6 register: Default 0x66, read 0x0
WARNING:root:  seq7 register: Default 0x77, read 0x0
INFO:root:     seq8 register: Default 0x0, read 0x0
INFO:root:     seq9 register: Default 0x0, read 0x0
INFO:root:     seq10 register: Default 0x0, read 0x0
INFO:root:     seq11 register: Default 0x0, read 0x0
INFO:root:     seq12 register: Default 0x0, read 0x0
INFO:root:     seq13 register: Default 0x0, read 0x0
INFO:root:     seq14 register: Default 0x0, read 0x0
INFO:root:     seq15 register: Default 0x0, read 0x0
INFO:root:     seq16 register: Default 0x0, read 0x0
INFO:root:     seq17 register: Default 0x0, read 0x0
INFO:root:     seq18 register: Default 0x0, read 0x0
INFO:root:     seq19 register: Default 0x0, read 0x0
INFO:root:     seq20 register: Default 0x0, read 0x0
INFO:root:     seq21 register: Default 0x0, read 0x0
INFO:root:     seq22 register: Default 0x0, read 0x0
INFO:root:     seq23 register: Default 0x0, read 0x0
INFO:root:     seq24 register: Default 0x0, read 0x0
INFO:root:     seq25 register: Default 0x0, read 0x0
INFO:root:     seq26 register: Default 0x0, read 0x0
INFO:root:     seq27 register: Default 0x0, read 0x0
INFO:root:     seq28 register: Default 0x0, read 0x0
INFO:root:     seq29 register: Default 0x0, read 0x0
INFO:root:     seq30 register: Default 0x0, read 0x0
INFO:root:     seq31 register: Default 0x0, read 0x0
INFO:root:------------------------------------------------------------------------------------------
INFO:root:     not_real register: Default 0x0, read 0x0
INFO:root:     config register: Default 0x0, read 0x0
INFO:root:     chan_sel register: Default 0x0, read 0x0
INFO:root:     rangeA1 register: Default 0xFF, read 0xff
INFO:root:     rangeA2 register: Default 0xFF, read 0xff
INFO:root:     rangeB1 register: Default 0xFF, read 0xff
INFO:root:     rangeB2 register: Default 0xFF, read 0xff
INFO:root:     status register: Default 0x0, read 0x0
INFO:root:     over_rangeA register: Default 0x0, read 0x0
INFO:root:     over_rangeB register: Default 0x0, read 0x0
INFO:root:     lpf_config register: Default 0x0, read 0x0
INFO:root:     devID register: Default 0x2, read 0x2
INFO:root:     seq0 register: Default 0x0, read 0x0
INFO:root:     seq1 register: Default 0x11, read 0x11
INFO:root:     seq2 register: Default 0x22, read 0x22
INFO:root:     seq3 register: Default 0x33, read 0x33
INFO:root:     seq4 register: Default 0x44, read 0x44
INFO:root:     seq5 register: Default 0x55, read 0x55
INFO:root:     seq6 register: Default 0x66, read 0x66
WARNING:root:  seq7 register: Default 0x77, read 0x177
INFO:root:     seq8 register: Default 0x0, read 0x0
INFO:root:     seq9 register: Default 0x0, read 0x0
INFO:root:     seq10 register: Default 0x0, read 0x0
INFO:root:     seq11 register: Default 0x0, read 0x0
INFO:root:     seq12 register: Default 0x0, read 0x0
INFO:root:     seq13 register: Default 0x0, read 0x0
INFO:root:     seq14 register: Default 0x0, read 0x0
INFO:root:     seq15 register: Default 0x0, read 0x0
INFO:root:     seq16 register: Default 0x0, read 0x0
INFO:root:     seq17 register: Default 0x0, read 0x0
INFO:root:     seq18 register: Default 0x0, read 0x0
INFO:root:     seq19 register: Default 0x0, read 0x0
INFO:root:     seq20 register: Default 0x0, read 0x0
INFO:root:     seq21 register: Default 0x0, read 0x0
INFO:root:     seq22 register: Default 0x0, read 0x0
INFO:root:     seq23 register: Default 0x0, read 0x0
INFO:root:     seq24 register: Default 0x0, read 0x0
INFO:root:     seq25 register: Default 0x0, read 0x0
INFO:root:     seq26 register: Default 0x0, read 0x0
INFO:root:     seq27 register: Default 0x0, read 0x0
INFO:root:     seq28 register: Default 0x0, read 0x0
INFO:root:     seq29 register: Default 0x0, read 0x0
INFO:root:     seq30 register: Default 0x0, read 0x0
INFO:root:     seq31 register: Default 0x0, read 0x0
INFO:root:------------------------------------------------------------------------------------------
INFO:root:     config register: Default 0x0, read 0x0
INFO:root:     chan_sel register: Default 0x0, read 0x0
INFO:root:     rangeA1 register: Default 0xFF, read 0xff
INFO:root:     rangeA2 register: Default 0xFF, read 0xff
INFO:root:     rangeB1 register: Default 0xFF, read 0xff
INFO:root:     rangeB2 register: Default 0xFF, read 0xff
INFO:root:     over_rangeA register: Default 0x0, read 0x0
INFO:root:     over_rangeB register: Default 0x0, read 0x0
INFO:root:     lpf_config register: Default 0x0, read 0x0
INFO:root:     rangeA1 register: Default 0xFF, read 0xff
INFO:root:------------------------------------------------------------------------------------------
INFO:root:     config register: Default 0x0, read 0x0
INFO:root:     chan_sel register: Default 0x0, read 0x0
INFO:root:     rangeA1 register: Default 0xFF, read 0xff
INFO:root:     rangeA2 register: Default 0xFF, read 0xff
INFO:root:     rangeB1 register: Default 0xFF, read 0xff
INFO:root:     rangeB2 register: Default 0xFF, read 0xff
INFO:root:     over_rangeA register: Default 0x0, read 0x0
INFO:root:     over_rangeB register: Default 0x0, read 0x0
INFO:root:     lpf_config register: Default 0x0, read 0x0
INFO:root:     rangeA1 register: Default 0xFF, read 0xff
INFO:root:------------------------------------------------------------------------------------------
INFO:root:     config register: Default 0x0, read 0x0
INFO:root:     chan_sel register: Default 0x0, read 0x0
INFO:root:     rangeA1 register: Default 0xFF, read 0xff
INFO:root:     rangeA2 register: Default 0xFF, read 0xff
INFO:root:     rangeB1 register: Default 0xFF, read 0xff
INFO:root:     rangeB2 register: Default 0xFF, read 0xff
INFO:root:     over_rangeA register: Default 0x0, read 0x0
INFO:root:     over_rangeB register: Default 0x0, read 0x0
INFO:root:     lpf_config register: Default 0x0, read 0x0
INFO:root:     rangeA1 register: Default 0xFF, read 0xff
INFO:root:------------------------------------------------------------------------------------------
INFO:root:     config register: Default 0x0, read 0x0
INFO:root:     chan_sel register: Default 0x0, read 0x0
INFO:root:     rangeA1 register: Default 0xFF, read 0xff
INFO:root:     rangeA2 register: Default 0xFF, read 0xff
INFO:root:     rangeB1 register: Default 0xFF, read 0xff
INFO:root:     rangeB2 register: Default 0xFF, read 0xff
INFO:root:     over_rangeA register: Default 0x0, read 0x0
INFO:root:     over_rangeB register: Default 0x0, read 0x0
INFO:root:     lpf_config register: Default 0x0, read 0x0
INFO:root:     rangeA1 register: Default 0xFF, read 0xff
INFO:root:------------------------------------------------------------------------------------------
INFO:root:     config register: Default 0x0, read 0x0
INFO:root:     chan_sel register: Default 0x0, read 0x0
INFO:root:     rangeA1 register: Default 0xFF, read 0xff
INFO:root:     rangeA2 register: Default 0xFF, read 0xff
INFO:root:     rangeB1 register: Default 0xFF, read 0xff
INFO:root:     rangeB2 register: Default 0xFF, read 0xff
INFO:root:     over_rangeA register: Default 0x0, read 0x0
INFO:root:     over_rangeB register: Default 0x0, read 0x0
INFO:root:     lpf_config register: Default 0x0, read 0x0
INFO:root:     rangeA1 register: Default 0xFF, read 0xff
INFO:root:------------------------------------------------------------------------------------------
INFO:root:     config register: Default 0x0, read 0x0
INFO:root:     chan_sel register: Default 0x0, read 0x0
INFO:root:     rangeA1 register: Default 0xFF, read 0xff
INFO:root:     rangeA2 register: Default 0xFF, read 0xff
INFO:root:     rangeB1 register: Default 0xFF, read 0xff
INFO:root:     rangeB2 register: Default 0xFF, read 0xff
INFO:root:     over_rangeA register: Default 0x0, read 0x0
INFO:root:     over_rangeB register: Default 0x0, read 0x0
INFO:root:     lpf_config register: Default 0x0, read 0x0
INFO:root:     rangeA1 register: Default 0xFF, read 0xff
INFO:root:------------------------------------------------------------------------------------------
INFO:root:     config register: Default 0x0, read 0x0
INFO:root:     chan_sel register: Default 0x0, read 0x0
INFO:root:     rangeA1 register: Default 0xFF, read 0xff
INFO:root:     rangeA2 register: Default 0xFF, read 0xff
INFO:root:     rangeB1 register: Default 0xFF, read 0xff
INFO:root:     rangeB2 register: Default 0xFF, read 0xff
INFO:root:     over_rangeA register: Default 0x0, read 0x0
INFO:root:     over_rangeB register: Default 0x0, read 0x0
INFO:root:     lpf_config register: Default 0x0, read 0x0
INFO:root:     rangeA1 register: Default 0xFF, read 0xff
INFO:root:------------------------------------------------------------------------------------------
INFO:root:     config register: Default 0x0, read 0x0
INFO:root:     chan_sel register: Default 0x0, read 0x0
INFO:root:     rangeA1 register: Default 0xFF, read 0xff
INFO:root:     rangeA2 register: Default 0xFF, read 0xff
INFO:root:     rangeB1 register: Default 0xFF, read 0xff
INFO:root:     rangeB2 register: Default 0xFF, read 0xff
INFO:root:     over_rangeA register: Default 0x0, read 0x0
INFO:root:     over_rangeB register: Default 0x0, read 0x0
INFO:root:     lpf_config register: Default 0x0, read 0x0
INFO:root:     rangeA1 register: Default 0xFF, read 0xff
INFO:root:     not_real register: Default 0x0, read 0x0
INFO:root:     config register: Default 0x0, read 0x0
INFO:root:     chan_sel register: Default 0x0, read 0x0
WARNING:root:  rangeA1 register: Default 0xFF, read 0x0
WARNING:root:  rangeA2 register: Default 0xFF, read 0x0
WARNING:root:  rangeB1 register: Default 0xFF, read 0x0
WARNING:root:  rangeB2 register: Default 0xFF, read 0x0
INFO:root:     status register: Default 0x0, read 0x0
INFO:root:     over_rangeA register: Default 0x0, read 0x0
INFO:root:     over_rangeB register: Default 0x0, read 0x0
INFO:root:     lpf_config register: Default 0x0, read 0x0
WARNING:root:  devID register: Default 0x2, read 0x0
INFO:root:     seq0 register: Default 0x0, read 0x0
WARNING:root:  seq1 register: Default 0x11, read 0x0
WARNING:root:  seq2 register: Default 0x22, read 0x0
WARNING:root:  seq3 register: Default 0x33, read 0x0
WARNING:root:  seq4 register: Default 0x44, read 0x0
WARNING:root:  seq5 register: Default 0x55, read 0x0
WARNING:root:  seq6 register: Default 0x66, read 0x0
WARNING:root:  seq7 register: Default 0x77, read 0x0
INFO:root:     seq8 register: Default 0x0, read 0x0
INFO:root:     seq9 register: Default 0x0, read 0x0
INFO:root:     seq10 register: Default 0x0, read 0x0
INFO:root:     seq11 register: Default 0x0, read 0x0
INFO:root:     seq12 register: Default 0x0, read 0x0
INFO:root:     seq13 register: Default 0x0, read 0x0
INFO:root:     seq14 register: Default 0x0, read 0x0
INFO:root:     seq15 register: Default 0x0, read 0x0
INFO:root:     seq16 register: Default 0x0, read 0x0
INFO:root:     seq17 register: Default 0x0, read 0x0
INFO:root:     seq18 register: Default 0x0, read 0x0
INFO:root:     seq19 register: Default 0x0, read 0x0
INFO:root:     seq20 register: Default 0x0, read 0x0
INFO:root:     seq21 register: Default 0x0, read 0x0
INFO:root:     seq22 register: Default 0x0, read 0x0
INFO:root:     seq23 register: Default 0x0, read 0x0
INFO:root:     seq24 register: Default 0x0, read 0x0
INFO:root:     seq25 register: Default 0x0, read 0x0
INFO:root:     seq26 register: Default 0x0, read 0x0
INFO:root:     seq27 register: Default 0x0, read 0x0
INFO:root:     seq28 register: Default 0x0, read 0x0
INFO:root:     seq29 register: Default 0x0, read 0x0
INFO:root:     seq30 register: Default 0x0, read 0x0
INFO:root:     seq31 register: Default 0x0, read 0x0
INFO:root:------------------------------------------------------------------------------------------
INFO:root:     config register: Default 0x0, read 0x0
INFO:root:     chan_sel register: Default 0x0, read 0x0
INFO:root:     rangeA1 register: Default 0xFF, read 0xff
INFO:root:     rangeA2 register: Default 0xFF, read 0xff
INFO:root:     rangeB1 register: Default 0xFF, read 0xff
INFO:root:     rangeB2 register: Default 0xFF, read 0xff
INFO:root:     over_rangeA register: Default 0x0, read 0x0
INFO:root:     over_rangeB register: Default 0x0, read 0x0
INFO:root:     lpf_config register: Default 0x0, read 0x0
WARNING:root:  rangeA1 register: Default 0xFF, read 0x0
INFO:root:------------------------------------------------------------------------------------------
INFO:root:     config register: Default 0x0, read 0x0
INFO:root:     chan_sel register: Default 0x0, read 0x0
INFO:root:     rangeA1 register: Default 0xFF, read 0xff
INFO:root:     rangeA2 register: Default 0xFF, read 0xff
INFO:root:     rangeB1 register: Default 0xFF, read 0xff
INFO:root:     rangeB2 register: Default 0xFF, read 0xff
INFO:root:     over_rangeA register: Default 0x0, read 0x0
INFO:root:     over_rangeB register: Default 0x0, read 0x0
INFO:root:     lpf_config register: Default 0x0, read 0x0
INFO:root:     rangeA1 register: Default 0xFF, read 0xff
INFO:root:------------------------------------------------------------------------------------------
INFO:root:     config register: Default 0x0, read 0x0
INFO:root:     chan_sel register: Default 0x0, read 0x0
INFO:root:     rangeA1 register: Default 0xFF, read 0xff
INFO:root:     rangeA2 register: Default 0xFF, read 0xff
INFO:root:     rangeB1 register: Default 0xFF, read 0xff
INFO:root:     rangeB2 register: Default 0xFF, read 0xff
INFO:root:     over_rangeA register: Default 0x0, read 0x0
INFO:root:     over_rangeB register: Default 0x0, read 0x0
INFO:root:     lpf_config register: Default 0x0, read 0x0
INFO:root:     rangeA1 register: Default 0xFF, read 0xff
INFO:root:------------------------------------------------------------------------------------------
INFO:root:     config register: Default 0x0, read 0x0
INFO:root:     chan_sel register: Default 0x0, read 0x0
INFO:root:     rangeA1 register: Default 0xFF, read 0xff
INFO:root:     rangeA2 register: Default 0xFF, read 0xff
INFO:root:     rangeB1 register: Default 0xFF, read 0xff
INFO:root:     rangeB2 register: Default 0xFF, read 0xff
INFO:root:     over_rangeA register: Default 0x0, read 0x0
INFO:root:     over_rangeB register: Default 0x0, read 0x0
INFO:root:     lpf_config register: Default 0x0, read 0x0
INFO:root:     rangeA1 register: Default 0xFF, read 0xff
