Command line:
   tb_spi_top_isim_beh.exe
     -simmode  gui
     -simrunnum  0
     -socket  58857

Tue Feb 09 22:56:45 2021


 Elaboration Time: 0.046875 sec

 Current Memory Usage: 5164.2 Meg

 Total Signals          : 752
 Total Nets             : 2986
 Total Signal Drivers   : 217
 Total Blocks           : 35
 Total Primitive Blocks : 27
 Total Processes        : 319
 Total Traceable Variables  : 675
 Total Scalar Nets and Variables : 27746
Total Line Count : 1505
Total Line Count : 1505

 Total Simulation Time: 0.4375 sec

 Current Memory Usage: 4692.34 Meg

Wed Feb 10 09:24:42 2021

