
*** Running vivado
    with args -log top_level_module.vds -m64 -product Vivado -mode batch -messageDb vivado.pb -notrace -source top_level_module.tcl


****** Vivado v2018.2 (64-bit)
  **** SW Build 2258646 on Thu Jun 14 20:03:12 MDT 2018
  **** IP Build 2256618 on Thu Jun 14 22:10:49 MDT 2018
    ** Copyright 1986-2018 Xilinx, Inc. All Rights Reserved.

source top_level_module.tcl -notrace
Command: synth_design -top top_level_module -part xc7a75tfgg484-1
Starting synth_design
Attempting to get a license for feature 'Synthesis' and/or device 'xc7a75t'
INFO: [Common 17-349] Got license for feature 'Synthesis' and/or device 'xc7a75t'
INFO: Launching helper process for spawning children vivado processes
INFO: Helper process launched with PID 6536 
WARNING: [Synth 8-2490] overwriting previous definition of module xpm_cdc_async_rst [C:/Users/iande/Desktop/covg_fpga/fpga_XEM7310/fpga_XEM7310.srcs/sources_1/imports/XEM7310-A75/okCoreHarness.v:15361]
---------------------------------------------------------------------------------
Starting RTL Elaboration : Time (s): cpu = 00:00:06 ; elapsed = 00:00:07 . Memory (MB): peak = 404.535 ; gain = 117.574
---------------------------------------------------------------------------------
INFO: [Synth 8-6157] synthesizing module 'top_level_module' [C:/Users/iande/Desktop/covg_fpga/fpga_XEM7310/fpga_XEM7310.srcs/sources_1/imports/iande/Desktop/covg_fpga/SPI_Master/top_level_module.v:23]
INFO: [Synth 8-6157] synthesizing module 'mux_1to8' [C:/Users/iande/Desktop/covg_fpga/fpga_XEM7310/fpga_XEM7310.srcs/sources_1/imports/iande/Desktop/covg_fpga/SPI_Master/mux_1to8.v:21]
INFO: [Synth 8-226] default block is never used [C:/Users/iande/Desktop/covg_fpga/fpga_XEM7310/fpga_XEM7310.srcs/sources_1/imports/iande/Desktop/covg_fpga/SPI_Master/mux_1to8.v:30]
INFO: [Synth 8-6155] done synthesizing module 'mux_1to8' (1#1) [C:/Users/iande/Desktop/covg_fpga/fpga_XEM7310/fpga_XEM7310.srcs/sources_1/imports/iande/Desktop/covg_fpga/SPI_Master/mux_1to8.v:21]
WARNING: [Synth 8-689] width (5) of port connection 'out' does not match port width (8) of module 'mux_1to8' [C:/Users/iande/Desktop/covg_fpga/fpga_XEM7310/fpga_XEM7310.srcs/sources_1/imports/iande/Desktop/covg_fpga/SPI_Master/top_level_module.v:78]
WARNING: [Synth 8-689] width (5) of port connection 'out' does not match port width (8) of module 'mux_1to8' [C:/Users/iande/Desktop/covg_fpga/fpga_XEM7310/fpga_XEM7310.srcs/sources_1/imports/iande/Desktop/covg_fpga/SPI_Master/top_level_module.v:80]
WARNING: [Synth 8-689] width (5) of port connection 'out' does not match port width (8) of module 'mux_1to8' [C:/Users/iande/Desktop/covg_fpga/fpga_XEM7310/fpga_XEM7310.srcs/sources_1/imports/iande/Desktop/covg_fpga/SPI_Master/top_level_module.v:82]
INFO: [Synth 8-6157] synthesizing module 'IBUFGDS' [C:/Users/iande/Documents/Vivado/2018.2/scripts/rt/data/unisim_comp.v:19911]
	Parameter CAPACITANCE bound to: DONT_CARE - type: string 
	Parameter DIFF_TERM bound to: FALSE - type: string 
	Parameter IBUF_DELAY_VALUE bound to: 0 - type: string 
	Parameter IBUF_LOW_PWR bound to: TRUE - type: string 
	Parameter IOSTANDARD bound to: DEFAULT - type: string 
INFO: [Synth 8-6155] done synthesizing module 'IBUFGDS' (2#1) [C:/Users/iande/Documents/Vivado/2018.2/scripts/rt/data/unisim_comp.v:19911]
INFO: [Synth 8-6157] synthesizing module 'okWireOR' [C:/Users/iande/Desktop/covg_fpga/fpga_XEM7310/fpga_XEM7310.srcs/sources_1/imports/XEM7310-A75/okLibrary.v:119]
	Parameter N bound to: 3 - type: integer 
INFO: [Synth 8-6155] done synthesizing module 'okWireOR' (3#1) [C:/Users/iande/Desktop/covg_fpga/fpga_XEM7310/fpga_XEM7310.srcs/sources_1/imports/XEM7310-A75/okLibrary.v:119]
INFO: [Synth 8-6157] synthesizing module 'okHost' [C:/Users/iande/Desktop/covg_fpga/fpga_XEM7310/fpga_XEM7310.srcs/sources_1/imports/XEM7310-A75/okLibrary.v:10]
INFO: [Synth 8-6157] synthesizing module 'IOBUF' [C:/Users/iande/Documents/Vivado/2018.2/scripts/rt/data/unisim_comp.v:22660]
	Parameter DRIVE bound to: 12 - type: integer 
	Parameter IBUF_LOW_PWR bound to: TRUE - type: string 
	Parameter IOSTANDARD bound to: DEFAULT - type: string 
	Parameter SLEW bound to: SLOW - type: string 
INFO: [Synth 8-6155] done synthesizing module 'IOBUF' (4#1) [C:/Users/iande/Documents/Vivado/2018.2/scripts/rt/data/unisim_comp.v:22660]
INFO: [Synth 8-6157] synthesizing module 'FDRE' [C:/Users/iande/Documents/Vivado/2018.2/scripts/rt/data/unisim_comp.v:3966]
	Parameter INIT bound to: 1'b0 
	Parameter IS_C_INVERTED bound to: 1'b0 
	Parameter IS_D_INVERTED bound to: 1'b0 
	Parameter IS_R_INVERTED bound to: 1'b0 
INFO: [Synth 8-6155] done synthesizing module 'FDRE' (5#1) [C:/Users/iande/Documents/Vivado/2018.2/scripts/rt/data/unisim_comp.v:3966]
INFO: [Synth 8-6157] synthesizing module 'IBUFG' [C:/Users/iande/Documents/Vivado/2018.2/scripts/rt/data/unisim_comp.v:19897]
	Parameter CAPACITANCE bound to: DONT_CARE - type: string 
	Parameter IBUF_DELAY_VALUE bound to: 0 - type: string 
	Parameter IBUF_LOW_PWR bound to: TRUE - type: string 
	Parameter IOSTANDARD bound to: DEFAULT - type: string 
INFO: [Synth 8-6155] done synthesizing module 'IBUFG' (6#1) [C:/Users/iande/Documents/Vivado/2018.2/scripts/rt/data/unisim_comp.v:19897]
INFO: [Synth 8-6157] synthesizing module 'MMCME2_BASE' [C:/Users/iande/Documents/Vivado/2018.2/scripts/rt/data/unisim_comp.v:25882]
	Parameter BANDWIDTH bound to: OPTIMIZED - type: string 
	Parameter CLKFBOUT_MULT_F bound to: 10.000000 - type: float 
	Parameter CLKFBOUT_PHASE bound to: 0.000000 - type: float 
	Parameter CLKIN1_PERIOD bound to: 9.920000 - type: float 
	Parameter CLKOUT0_DIVIDE_F bound to: 10.000000 - type: float 
	Parameter CLKOUT0_DUTY_CYCLE bound to: 0.500000 - type: float 
	Parameter CLKOUT0_PHASE bound to: 54.000000 - type: float 
	Parameter CLKOUT1_DIVIDE bound to: 1 - type: integer 
	Parameter CLKOUT1_DUTY_CYCLE bound to: 0.500000 - type: float 
	Parameter CLKOUT1_PHASE bound to: 0.000000 - type: float 
	Parameter CLKOUT2_DIVIDE bound to: 1 - type: integer 
	Parameter CLKOUT2_DUTY_CYCLE bound to: 0.500000 - type: float 
	Parameter CLKOUT2_PHASE bound to: 0.000000 - type: float 
	Parameter CLKOUT3_DIVIDE bound to: 1 - type: integer 
	Parameter CLKOUT3_DUTY_CYCLE bound to: 0.500000 - type: float 
	Parameter CLKOUT3_PHASE bound to: 0.000000 - type: float 
	Parameter CLKOUT4_CASCADE bound to: FALSE - type: string 
	Parameter CLKOUT4_DIVIDE bound to: 1 - type: integer 
	Parameter CLKOUT4_DUTY_CYCLE bound to: 0.500000 - type: float 
	Parameter CLKOUT4_PHASE bound to: 0.000000 - type: float 
	Parameter CLKOUT5_DIVIDE bound to: 1 - type: integer 
	Parameter CLKOUT5_DUTY_CYCLE bound to: 0.500000 - type: float 
	Parameter CLKOUT5_PHASE bound to: 0.000000 - type: float 
	Parameter CLKOUT6_DIVIDE bound to: 1 - type: integer 
	Parameter CLKOUT6_DUTY_CYCLE bound to: 0.500000 - type: float 
	Parameter CLKOUT6_PHASE bound to: 0.000000 - type: float 
	Parameter DIVCLK_DIVIDE bound to: 1 - type: integer 
	Parameter REF_JITTER1 bound to: 0.000000 - type: float 
	Parameter STARTUP_WAIT bound to: FALSE - type: string 
INFO: [Synth 8-6155] done synthesizing module 'MMCME2_BASE' (7#1) [C:/Users/iande/Documents/Vivado/2018.2/scripts/rt/data/unisim_comp.v:25882]
WARNING: [Synth 8-350] instance 'mmcm0' of module 'MMCME2_BASE' requires 18 connections, but only 6 given [C:/Users/iande/Desktop/covg_fpga/fpga_XEM7310/fpga_XEM7310.srcs/sources_1/imports/XEM7310-A75/okLibrary.v:53]
INFO: [Synth 8-6157] synthesizing module 'BUFG' [C:/Users/iande/Documents/Vivado/2018.2/scripts/rt/data/unisim_comp.v:609]
INFO: [Synth 8-6155] done synthesizing module 'BUFG' (8#1) [C:/Users/iande/Documents/Vivado/2018.2/scripts/rt/data/unisim_comp.v:609]
INFO: [Synth 8-6157] synthesizing module 'GND' [C:/Users/iande/Documents/Vivado/2018.2/scripts/rt/data/unisim_comp.v:4945]
INFO: [Synth 8-6155] done synthesizing module 'GND' (9#1) [C:/Users/iande/Documents/Vivado/2018.2/scripts/rt/data/unisim_comp.v:4945]
INFO: [Synth 8-6157] synthesizing module 'VCC' [C:/Users/iande/Documents/Vivado/2018.2/scripts/rt/data/unisim_comp.v:52076]
INFO: [Synth 8-6155] done synthesizing module 'VCC' (10#1) [C:/Users/iande/Documents/Vivado/2018.2/scripts/rt/data/unisim_comp.v:52076]
INFO: [Synth 8-6157] synthesizing module 'LUT5' [C:/Users/iande/Documents/Vivado/2018.2/scripts/rt/data/unisim_comp.v:25621]
INFO: [Synth 8-6155] done synthesizing module 'LUT5' (11#1) [C:/Users/iande/Documents/Vivado/2018.2/scripts/rt/data/unisim_comp.v:25621]
INFO: [Synth 8-6157] synthesizing module 'LUT6' [C:/Users/iande/Documents/Vivado/2018.2/scripts/rt/data/unisim_comp.v:25671]
INFO: [Synth 8-6155] done synthesizing module 'LUT6' (12#1) [C:/Users/iande/Documents/Vivado/2018.2/scripts/rt/data/unisim_comp.v:25671]
INFO: [Synth 8-6157] synthesizing module 'LUT6__parameterized0' [C:/Users/iande/Documents/Vivado/2018.2/scripts/rt/data/unisim_comp.v:25671]
INFO: [Synth 8-6155] done synthesizing module 'LUT6__parameterized0' (12#1) [C:/Users/iande/Documents/Vivado/2018.2/scripts/rt/data/unisim_comp.v:25671]
INFO: [Synth 8-6157] synthesizing module 'LUT3' [C:/Users/iande/Documents/Vivado/2018.2/scripts/rt/data/unisim_comp.v:25533]
INFO: [Synth 8-6155] done synthesizing module 'LUT3' (13#1) [C:/Users/iande/Documents/Vivado/2018.2/scripts/rt/data/unisim_comp.v:25533]
INFO: [Synth 8-6157] synthesizing module 'LUT2' [C:/Users/iande/Documents/Vivado/2018.2/scripts/rt/data/unisim_comp.v:25495]
INFO: [Synth 8-6155] done synthesizing module 'LUT2' (14#1) [C:/Users/iande/Documents/Vivado/2018.2/scripts/rt/data/unisim_comp.v:25495]
INFO: [Synth 8-6157] synthesizing module 'LUT6__parameterized1' [C:/Users/iande/Documents/Vivado/2018.2/scripts/rt/data/unisim_comp.v:25671]
INFO: [Synth 8-6155] done synthesizing module 'LUT6__parameterized1' (14#1) [C:/Users/iande/Documents/Vivado/2018.2/scripts/rt/data/unisim_comp.v:25671]
INFO: [Synth 8-6157] synthesizing module 'LUT5__parameterized0' [C:/Users/iande/Documents/Vivado/2018.2/scripts/rt/data/unisim_comp.v:25621]
INFO: [Synth 8-6155] done synthesizing module 'LUT5__parameterized0' (14#1) [C:/Users/iande/Documents/Vivado/2018.2/scripts/rt/data/unisim_comp.v:25621]
INFO: [Synth 8-6157] synthesizing module 'LUT5__parameterized1' [C:/Users/iande/Documents/Vivado/2018.2/scripts/rt/data/unisim_comp.v:25621]
INFO: [Synth 8-6155] done synthesizing module 'LUT5__parameterized1' (14#1) [C:/Users/iande/Documents/Vivado/2018.2/scripts/rt/data/unisim_comp.v:25621]
INFO: [Synth 8-6157] synthesizing module 'LUT4' [C:/Users/iande/Documents/Vivado/2018.2/scripts/rt/data/unisim_comp.v:25575]
INFO: [Synth 8-6155] done synthesizing module 'LUT4' (15#1) [C:/Users/iande/Documents/Vivado/2018.2/scripts/rt/data/unisim_comp.v:25575]
INFO: [Synth 8-6157] synthesizing module 'LUT3__parameterized0' [C:/Users/iande/Documents/Vivado/2018.2/scripts/rt/data/unisim_comp.v:25533]
INFO: [Synth 8-6155] done synthesizing module 'LUT3__parameterized0' (15#1) [C:/Users/iande/Documents/Vivado/2018.2/scripts/rt/data/unisim_comp.v:25533]
INFO: [Synth 8-6157] synthesizing module 'LUT6__parameterized2' [C:/Users/iande/Documents/Vivado/2018.2/scripts/rt/data/unisim_comp.v:25671]
INFO: [Synth 8-6155] done synthesizing module 'LUT6__parameterized2' (15#1) [C:/Users/iande/Documents/Vivado/2018.2/scripts/rt/data/unisim_comp.v:25671]
INFO: [Synth 8-6157] synthesizing module 'LUT6__parameterized3' [C:/Users/iande/Documents/Vivado/2018.2/scripts/rt/data/unisim_comp.v:25671]
INFO: [Synth 8-6155] done synthesizing module 'LUT6__parameterized3' (15#1) [C:/Users/iande/Documents/Vivado/2018.2/scripts/rt/data/unisim_comp.v:25671]
INFO: [Synth 8-6157] synthesizing module 'LUT1' [C:/Users/iande/Documents/Vivado/2018.2/scripts/rt/data/unisim_comp.v:25461]
INFO: [Synth 8-6155] done synthesizing module 'LUT1' (16#1) [C:/Users/iande/Documents/Vivado/2018.2/scripts/rt/data/unisim_comp.v:25461]
INFO: [Synth 8-6157] synthesizing module 'FDSE' [C:/Users/iande/Documents/Vivado/2018.2/scripts/rt/data/unisim_comp.v:4102]
INFO: [Synth 8-6155] done synthesizing module 'FDSE' (17#1) [C:/Users/iande/Documents/Vivado/2018.2/scripts/rt/data/unisim_comp.v:4102]
INFO: [Synth 8-6157] synthesizing module 'CARRY4' [C:/Users/iande/Documents/Vivado/2018.2/scripts/rt/data/unisim_comp.v:963]
INFO: [Synth 8-6155] done synthesizing module 'CARRY4' (18#1) [C:/Users/iande/Documents/Vivado/2018.2/scripts/rt/data/unisim_comp.v:963]
INFO: [Synth 8-6157] synthesizing module 'fifo_generator_v13_2_0' [C:/Users/iande/Desktop/covg_fpga/fpga_XEM7310/fpga_XEM7310.srcs/sources_1/imports/XEM7310-A75/okCoreHarness.v:15469]
INFO: [Synth 8-5534] Detected attribute (* async_reg = "true" *) [C:/Users/iande/Desktop/covg_fpga/fpga_XEM7310/fpga_XEM7310.srcs/sources_1/imports/XEM7310-A75/okCoreHarness.v:15982]
INFO: [Synth 8-5534] Detected attribute (* async_reg = "true" *) [C:/Users/iande/Desktop/covg_fpga/fpga_XEM7310/fpga_XEM7310.srcs/sources_1/imports/XEM7310-A75/okCoreHarness.v:15983]
INFO: [Synth 8-5534] Detected attribute (* async_reg = "true" *) [C:/Users/iande/Desktop/covg_fpga/fpga_XEM7310/fpga_XEM7310.srcs/sources_1/imports/XEM7310-A75/okCoreHarness.v:15984]
INFO: [Synth 8-5534] Detected attribute (* async_reg = "true" *) [C:/Users/iande/Desktop/covg_fpga/fpga_XEM7310/fpga_XEM7310.srcs/sources_1/imports/XEM7310-A75/okCoreHarness.v:15985]
INFO: [Synth 8-6157] synthesizing module 'LUT5__parameterized2' [C:/Users/iande/Documents/Vivado/2018.2/scripts/rt/data/unisim_comp.v:25621]
INFO: [Synth 8-6155] done synthesizing module 'LUT5__parameterized2' (18#1) [C:/Users/iande/Documents/Vivado/2018.2/scripts/rt/data/unisim_comp.v:25621]
INFO: [Synth 8-6157] synthesizing module 'LUT2__parameterized0' [C:/Users/iande/Documents/Vivado/2018.2/scripts/rt/data/unisim_comp.v:25495]
INFO: [Synth 8-6155] done synthesizing module 'LUT2__parameterized0' (18#1) [C:/Users/iande/Documents/Vivado/2018.2/scripts/rt/data/unisim_comp.v:25495]
INFO: [Synth 8-6157] synthesizing module 'LUT2__parameterized1' [C:/Users/iande/Documents/Vivado/2018.2/scripts/rt/data/unisim_comp.v:25495]
INFO: [Synth 8-6155] done synthesizing module 'LUT2__parameterized1' (18#1) [C:/Users/iande/Documents/Vivado/2018.2/scripts/rt/data/unisim_comp.v:25495]
INFO: [Synth 8-6157] synthesizing module 'LUT3__parameterized1' [C:/Users/iande/Documents/Vivado/2018.2/scripts/rt/data/unisim_comp.v:25533]
INFO: [Synth 8-6155] done synthesizing module 'LUT3__parameterized1' (18#1) [C:/Users/iande/Documents/Vivado/2018.2/scripts/rt/data/unisim_comp.v:25533]
INFO: [Synth 8-6157] synthesizing module 'LUT4__parameterized0' [C:/Users/iande/Documents/Vivado/2018.2/scripts/rt/data/unisim_comp.v:25575]
INFO: [Synth 8-6155] done synthesizing module 'LUT4__parameterized0' (18#1) [C:/Users/iande/Documents/Vivado/2018.2/scripts/rt/data/unisim_comp.v:25575]
INFO: [Synth 8-6157] synthesizing module 'LUT5__parameterized3' [C:/Users/iande/Documents/Vivado/2018.2/scripts/rt/data/unisim_comp.v:25621]
INFO: [Synth 8-6155] done synthesizing module 'LUT5__parameterized3' (18#1) [C:/Users/iande/Documents/Vivado/2018.2/scripts/rt/data/unisim_comp.v:25621]
INFO: [Synth 8-6157] synthesizing module 'LUT6__parameterized4' [C:/Users/iande/Documents/Vivado/2018.2/scripts/rt/data/unisim_comp.v:25671]
INFO: [Synth 8-6155] done synthesizing module 'LUT6__parameterized4' (18#1) [C:/Users/iande/Documents/Vivado/2018.2/scripts/rt/data/unisim_comp.v:25671]
INFO: [Synth 8-6157] synthesizing module 'LUT1__parameterized0' [C:/Users/iande/Documents/Vivado/2018.2/scripts/rt/data/unisim_comp.v:25461]
INFO: [Synth 8-6155] done synthesizing module 'LUT1__parameterized0' (18#1) [C:/Users/iande/Documents/Vivado/2018.2/scripts/rt/data/unisim_comp.v:25461]
INFO: [Synth 8-6157] synthesizing module 'FDPE' [C:/Users/iande/Documents/Vivado/2018.2/scripts/rt/data/unisim_comp.v:3906]
INFO: [Synth 8-6155] done synthesizing module 'FDPE' (19#1) [C:/Users/iande/Documents/Vivado/2018.2/scripts/rt/data/unisim_comp.v:3906]
INFO: [Synth 8-6157] synthesizing module 'FDCE' [C:/Users/iande/Documents/Vivado/2018.2/scripts/rt/data/unisim_comp.v:3750]
INFO: [Synth 8-6155] done synthesizing module 'FDCE' (20#1) [C:/Users/iande/Documents/Vivado/2018.2/scripts/rt/data/unisim_comp.v:3750]
INFO: [Synth 8-6157] synthesizing module 'RAMB18E1' [C:/Users/iande/Documents/Vivado/2018.2/scripts/rt/data/unisim_comp.v:48860]
INFO: [Synth 8-6155] done synthesizing module 'RAMB18E1' (21#1) [C:/Users/iande/Documents/Vivado/2018.2/scripts/rt/data/unisim_comp.v:48860]
INFO: [Synth 8-6157] synthesizing module 'FDRE__parameterized0' [C:/Users/iande/Documents/Vivado/2018.2/scripts/rt/data/unisim_comp.v:3966]
INFO: [Synth 8-6155] done synthesizing module 'FDRE__parameterized0' (21#1) [C:/Users/iande/Documents/Vivado/2018.2/scripts/rt/data/unisim_comp.v:3966]
WARNING: [Synth 8-4446] all outputs are unconnected for this instance and logic may be removed [C:/Users/iande/Desktop/covg_fpga/fpga_XEM7310/fpga_XEM7310.srcs/sources_1/imports/XEM7310-A75/okCoreHarness.v:17097]
INFO: [Synth 8-6157] synthesizing module 'xpm_cdc_async_rst' [C:/Users/iande/Desktop/covg_fpga/fpga_XEM7310/fpga_XEM7310.srcs/sources_1/imports/XEM7310-A75/okCoreHarness.v:15361]
INFO: [Synth 8-5534] Detected attribute (* async_reg = "true" *) [C:/Users/iande/Desktop/covg_fpga/fpga_XEM7310/fpga_XEM7310.srcs/sources_1/imports/XEM7310-A75/okCoreHarness.v:15371]
INFO: [Synth 8-6157] synthesizing module 'FDPE__parameterized0' [C:/Users/iande/Documents/Vivado/2018.2/scripts/rt/data/unisim_comp.v:3906]
INFO: [Synth 8-6155] done synthesizing module 'FDPE__parameterized0' (21#1) [C:/Users/iande/Documents/Vivado/2018.2/scripts/rt/data/unisim_comp.v:3906]
INFO: [Synth 8-6155] done synthesizing module 'xpm_cdc_async_rst' (22#1) [C:/Users/iande/Desktop/covg_fpga/fpga_XEM7310/fpga_XEM7310.srcs/sources_1/imports/XEM7310-A75/okCoreHarness.v:15361]
INFO: [Synth 8-6157] synthesizing module 'LUT5__parameterized4' [C:/Users/iande/Documents/Vivado/2018.2/scripts/rt/data/unisim_comp.v:25621]
INFO: [Synth 8-6155] done synthesizing module 'LUT5__parameterized4' (22#1) [C:/Users/iande/Documents/Vivado/2018.2/scripts/rt/data/unisim_comp.v:25621]
INFO: [Synth 8-6157] synthesizing module 'LUT6__parameterized5' [C:/Users/iande/Documents/Vivado/2018.2/scripts/rt/data/unisim_comp.v:25671]
INFO: [Synth 8-6155] done synthesizing module 'LUT6__parameterized5' (22#1) [C:/Users/iande/Documents/Vivado/2018.2/scripts/rt/data/unisim_comp.v:25671]
INFO: [Synth 8-6157] synthesizing module 'LUT6__parameterized6' [C:/Users/iande/Documents/Vivado/2018.2/scripts/rt/data/unisim_comp.v:25671]
INFO: [Synth 8-6155] done synthesizing module 'LUT6__parameterized6' (22#1) [C:/Users/iande/Documents/Vivado/2018.2/scripts/rt/data/unisim_comp.v:25671]
INFO: [Synth 8-6157] synthesizing module 'LUT4__parameterized1' [C:/Users/iande/Documents/Vivado/2018.2/scripts/rt/data/unisim_comp.v:25575]
INFO: [Synth 8-6155] done synthesizing module 'LUT4__parameterized1' (22#1) [C:/Users/iande/Documents/Vivado/2018.2/scripts/rt/data/unisim_comp.v:25575]
INFO: [Synth 8-6157] synthesizing module 'LUT4__parameterized2' [C:/Users/iande/Documents/Vivado/2018.2/scripts/rt/data/unisim_comp.v:25575]
INFO: [Synth 8-6155] done synthesizing module 'LUT4__parameterized2' (22#1) [C:/Users/iande/Documents/Vivado/2018.2/scripts/rt/data/unisim_comp.v:25575]
INFO: [Synth 8-6157] synthesizing module 'LUT6__parameterized7' [C:/Users/iande/Documents/Vivado/2018.2/scripts/rt/data/unisim_comp.v:25671]
INFO: [Synth 8-6155] done synthesizing module 'LUT6__parameterized7' (22#1) [C:/Users/iande/Documents/Vivado/2018.2/scripts/rt/data/unisim_comp.v:25671]
INFO: [Synth 8-6157] synthesizing module 'LUT6__parameterized8' [C:/Users/iande/Documents/Vivado/2018.2/scripts/rt/data/unisim_comp.v:25671]
INFO: [Synth 8-6155] done synthesizing module 'LUT6__parameterized8' (22#1) [C:/Users/iande/Documents/Vivado/2018.2/scripts/rt/data/unisim_comp.v:25671]
INFO: [Synth 8-6157] synthesizing module 'LUT6__parameterized9' [C:/Users/iande/Documents/Vivado/2018.2/scripts/rt/data/unisim_comp.v:25671]
INFO: [Synth 8-6155] done synthesizing module 'LUT6__parameterized9' (22#1) [C:/Users/iande/Documents/Vivado/2018.2/scripts/rt/data/unisim_comp.v:25671]
INFO: [Synth 8-6157] synthesizing module 'LUT6__parameterized10' [C:/Users/iande/Documents/Vivado/2018.2/scripts/rt/data/unisim_comp.v:25671]
INFO: [Synth 8-6155] done synthesizing module 'LUT6__parameterized10' (22#1) [C:/Users/iande/Documents/Vivado/2018.2/scripts/rt/data/unisim_comp.v:25671]
INFO: [Synth 8-6157] synthesizing module 'LUT6__parameterized11' [C:/Users/iande/Documents/Vivado/2018.2/scripts/rt/data/unisim_comp.v:25671]
INFO: [Synth 8-6155] done synthesizing module 'LUT6__parameterized11' (22#1) [C:/Users/iande/Documents/Vivado/2018.2/scripts/rt/data/unisim_comp.v:25671]
INFO: [Synth 8-6157] synthesizing module 'LUT5__parameterized5' [C:/Users/iande/Documents/Vivado/2018.2/scripts/rt/data/unisim_comp.v:25621]
INFO: [Synth 8-6155] done synthesizing module 'LUT5__parameterized5' (22#1) [C:/Users/iande/Documents/Vivado/2018.2/scripts/rt/data/unisim_comp.v:25621]
INFO: [Synth 8-6155] done synthesizing module 'fifo_generator_v13_2_0' (23#1) [C:/Users/iande/Desktop/covg_fpga/fpga_XEM7310/fpga_XEM7310.srcs/sources_1/imports/XEM7310-A75/okCoreHarness.v:15469]
INFO: [Synth 8-6157] synthesizing module 'DNA_PORT' [C:/Users/iande/Documents/Vivado/2018.2/scripts/rt/data/unisim_comp.v:3034]
INFO: [Synth 8-6155] done synthesizing module 'DNA_PORT' (25#1) [C:/Users/iande/Documents/Vivado/2018.2/scripts/rt/data/unisim_comp.v:3034]
INFO: [Synth 8-6157] synthesizing module 'FDCE__parameterized0' [C:/Users/iande/Documents/Vivado/2018.2/scripts/rt/data/unisim_comp.v:3750]
INFO: [Synth 8-6155] done synthesizing module 'FDCE__parameterized0' (25#1) [C:/Users/iande/Documents/Vivado/2018.2/scripts/rt/data/unisim_comp.v:3750]
INFO: [Synth 8-6157] synthesizing module 'FDPE__parameterized1' [C:/Users/iande/Documents/Vivado/2018.2/scripts/rt/data/unisim_comp.v:3906]
INFO: [Synth 8-6155] done synthesizing module 'FDPE__parameterized1' (25#1) [C:/Users/iande/Documents/Vivado/2018.2/scripts/rt/data/unisim_comp.v:3906]
INFO: [Synth 8-6157] synthesizing module 'LUT6_2' [C:/Users/iande/Documents/Vivado/2018.2/scripts/rt/data/unisim_comp.v:25692]
INFO: [Synth 8-6155] done synthesizing module 'LUT6_2' (26#1) [C:/Users/iande/Documents/Vivado/2018.2/scripts/rt/data/unisim_comp.v:25692]
INFO: [Synth 8-6157] synthesizing module 'LUT6__parameterized12' [C:/Users/iande/Documents/Vivado/2018.2/scripts/rt/data/unisim_comp.v:25671]
INFO: [Synth 8-6155] done synthesizing module 'LUT6__parameterized12' (26#1) [C:/Users/iande/Documents/Vivado/2018.2/scripts/rt/data/unisim_comp.v:25671]
INFO: [Synth 8-6157] synthesizing module 'LUT6_2__parameterized0' [C:/Users/iande/Documents/Vivado/2018.2/scripts/rt/data/unisim_comp.v:25692]
INFO: [Synth 8-6155] done synthesizing module 'LUT6_2__parameterized0' (26#1) [C:/Users/iande/Documents/Vivado/2018.2/scripts/rt/data/unisim_comp.v:25692]
INFO: [Synth 8-6157] synthesizing module 'LUT6__parameterized13' [C:/Users/iande/Documents/Vivado/2018.2/scripts/rt/data/unisim_comp.v:25671]
INFO: [Synth 8-6155] done synthesizing module 'LUT6__parameterized13' (26#1) [C:/Users/iande/Documents/Vivado/2018.2/scripts/rt/data/unisim_comp.v:25671]
INFO: [Synth 8-6157] synthesizing module 'LUT6__parameterized14' [C:/Users/iande/Documents/Vivado/2018.2/scripts/rt/data/unisim_comp.v:25671]
INFO: [Synth 8-6155] done synthesizing module 'LUT6__parameterized14' (26#1) [C:/Users/iande/Documents/Vivado/2018.2/scripts/rt/data/unisim_comp.v:25671]
INFO: [Synth 8-6157] synthesizing module 'LUT6_2__parameterized1' [C:/Users/iande/Documents/Vivado/2018.2/scripts/rt/data/unisim_comp.v:25692]
INFO: [Synth 8-6155] done synthesizing module 'LUT6_2__parameterized1' (26#1) [C:/Users/iande/Documents/Vivado/2018.2/scripts/rt/data/unisim_comp.v:25692]
INFO: [Synth 8-6157] synthesizing module 'LUT6_2__parameterized2' [C:/Users/iande/Documents/Vivado/2018.2/scripts/rt/data/unisim_comp.v:25692]
INFO: [Synth 8-6155] done synthesizing module 'LUT6_2__parameterized2' (26#1) [C:/Users/iande/Documents/Vivado/2018.2/scripts/rt/data/unisim_comp.v:25692]
INFO: [Synth 8-6157] synthesizing module 'LUT6_2__parameterized3' [C:/Users/iande/Documents/Vivado/2018.2/scripts/rt/data/unisim_comp.v:25692]
INFO: [Synth 8-6155] done synthesizing module 'LUT6_2__parameterized3' (26#1) [C:/Users/iande/Documents/Vivado/2018.2/scripts/rt/data/unisim_comp.v:25692]
INFO: [Synth 8-6157] synthesizing module 'LUT6__parameterized15' [C:/Users/iande/Documents/Vivado/2018.2/scripts/rt/data/unisim_comp.v:25671]
INFO: [Synth 8-6155] done synthesizing module 'LUT6__parameterized15' (26#1) [C:/Users/iande/Documents/Vivado/2018.2/scripts/rt/data/unisim_comp.v:25671]
INFO: [Synth 8-6157] synthesizing module 'LUT6_2__parameterized4' [C:/Users/iande/Documents/Vivado/2018.2/scripts/rt/data/unisim_comp.v:25692]
INFO: [Synth 8-6155] done synthesizing module 'LUT6_2__parameterized4' (26#1) [C:/Users/iande/Documents/Vivado/2018.2/scripts/rt/data/unisim_comp.v:25692]
INFO: [Synth 8-6157] synthesizing module 'LUT6__parameterized16' [C:/Users/iande/Documents/Vivado/2018.2/scripts/rt/data/unisim_comp.v:25671]
INFO: [Synth 8-6155] done synthesizing module 'LUT6__parameterized16' (26#1) [C:/Users/iande/Documents/Vivado/2018.2/scripts/rt/data/unisim_comp.v:25671]
INFO: [Synth 8-6157] synthesizing module 'LUT6_2__parameterized5' [C:/Users/iande/Documents/Vivado/2018.2/scripts/rt/data/unisim_comp.v:25692]
INFO: [Synth 8-6155] done synthesizing module 'LUT6_2__parameterized5' (26#1) [C:/Users/iande/Documents/Vivado/2018.2/scripts/rt/data/unisim_comp.v:25692]
INFO: [Synth 8-6157] synthesizing module 'LUT6__parameterized17' [C:/Users/iande/Documents/Vivado/2018.2/scripts/rt/data/unisim_comp.v:25671]
INFO: [Synth 8-6155] done synthesizing module 'LUT6__parameterized17' (26#1) [C:/Users/iande/Documents/Vivado/2018.2/scripts/rt/data/unisim_comp.v:25671]
INFO: [Synth 8-6157] synthesizing module 'RAM128X1S' [C:/Users/iande/Documents/Vivado/2018.2/scripts/rt/data/unisim_comp.v:43885]
INFO: [Synth 8-6155] done synthesizing module 'RAM128X1S' (27#1) [C:/Users/iande/Documents/Vivado/2018.2/scripts/rt/data/unisim_comp.v:43885]
INFO: [Synth 8-6157] synthesizing module 'LUT6_2__parameterized6' [C:/Users/iande/Documents/Vivado/2018.2/scripts/rt/data/unisim_comp.v:25692]
INFO: [Synth 8-6155] done synthesizing module 'LUT6_2__parameterized6' (27#1) [C:/Users/iande/Documents/Vivado/2018.2/scripts/rt/data/unisim_comp.v:25692]
INFO: [Synth 8-6157] synthesizing module 'LUT6__parameterized18' [C:/Users/iande/Documents/Vivado/2018.2/scripts/rt/data/unisim_comp.v:25671]
INFO: [Synth 8-6155] done synthesizing module 'LUT6__parameterized18' (27#1) [C:/Users/iande/Documents/Vivado/2018.2/scripts/rt/data/unisim_comp.v:25671]
INFO: [Synth 8-6157] synthesizing module 'LUT6_2__parameterized7' [C:/Users/iande/Documents/Vivado/2018.2/scripts/rt/data/unisim_comp.v:25692]
INFO: [Synth 8-6155] done synthesizing module 'LUT6_2__parameterized7' (27#1) [C:/Users/iande/Documents/Vivado/2018.2/scripts/rt/data/unisim_comp.v:25692]
INFO: [Synth 8-6157] synthesizing module 'RAM32M' [C:/Users/iande/Documents/Vivado/2018.2/scripts/rt/data/unisim_comp.v:44132]
INFO: [Synth 8-6155] done synthesizing module 'RAM32M' (28#1) [C:/Users/iande/Documents/Vivado/2018.2/scripts/rt/data/unisim_comp.v:44132]
INFO: [Synth 8-6157] synthesizing module 'LUT6_2__parameterized8' [C:/Users/iande/Documents/Vivado/2018.2/scripts/rt/data/unisim_comp.v:25692]
INFO: [Synth 8-6155] done synthesizing module 'LUT6_2__parameterized8' (28#1) [C:/Users/iande/Documents/Vivado/2018.2/scripts/rt/data/unisim_comp.v:25692]
INFO: [Synth 8-6157] synthesizing module 'LUT6_2__parameterized9' [C:/Users/iande/Documents/Vivado/2018.2/scripts/rt/data/unisim_comp.v:25692]
INFO: [Synth 8-6155] done synthesizing module 'LUT6_2__parameterized9' (28#1) [C:/Users/iande/Documents/Vivado/2018.2/scripts/rt/data/unisim_comp.v:25692]
INFO: [Synth 8-6157] synthesizing module 'LUT6_2__parameterized10' [C:/Users/iande/Documents/Vivado/2018.2/scripts/rt/data/unisim_comp.v:25692]
INFO: [Synth 8-6155] done synthesizing module 'LUT6_2__parameterized10' (28#1) [C:/Users/iande/Documents/Vivado/2018.2/scripts/rt/data/unisim_comp.v:25692]
INFO: [Synth 8-6157] synthesizing module 'LUT6_2__parameterized11' [C:/Users/iande/Documents/Vivado/2018.2/scripts/rt/data/unisim_comp.v:25692]
INFO: [Synth 8-6155] done synthesizing module 'LUT6_2__parameterized11' (28#1) [C:/Users/iande/Documents/Vivado/2018.2/scripts/rt/data/unisim_comp.v:25692]
INFO: [Synth 8-6157] synthesizing module 'LUT6__parameterized19' [C:/Users/iande/Documents/Vivado/2018.2/scripts/rt/data/unisim_comp.v:25671]
INFO: [Synth 8-6155] done synthesizing module 'LUT6__parameterized19' (28#1) [C:/Users/iande/Documents/Vivado/2018.2/scripts/rt/data/unisim_comp.v:25671]
INFO: [Synth 8-6157] synthesizing module 'LUT6__parameterized20' [C:/Users/iande/Documents/Vivado/2018.2/scripts/rt/data/unisim_comp.v:25671]
INFO: [Synth 8-6155] done synthesizing module 'LUT6__parameterized20' (28#1) [C:/Users/iande/Documents/Vivado/2018.2/scripts/rt/data/unisim_comp.v:25671]
INFO: [Synth 8-6157] synthesizing module 'LUT6_2__parameterized12' [C:/Users/iande/Documents/Vivado/2018.2/scripts/rt/data/unisim_comp.v:25692]
INFO: [Synth 8-6155] done synthesizing module 'LUT6_2__parameterized12' (28#1) [C:/Users/iande/Documents/Vivado/2018.2/scripts/rt/data/unisim_comp.v:25692]
INFO: [Synth 8-6157] synthesizing module 'LUT6_2__parameterized13' [C:/Users/iande/Documents/Vivado/2018.2/scripts/rt/data/unisim_comp.v:25692]
INFO: [Synth 8-6155] done synthesizing module 'LUT6_2__parameterized13' (28#1) [C:/Users/iande/Documents/Vivado/2018.2/scripts/rt/data/unisim_comp.v:25692]
INFO: [Synth 8-6157] synthesizing module 'LUT6__parameterized21' [C:/Users/iande/Documents/Vivado/2018.2/scripts/rt/data/unisim_comp.v:25671]
INFO: [Synth 8-6155] done synthesizing module 'LUT6__parameterized21' (28#1) [C:/Users/iande/Documents/Vivado/2018.2/scripts/rt/data/unisim_comp.v:25671]
INFO: [Synth 8-6157] synthesizing module 'LUT6_2__parameterized14' [C:/Users/iande/Documents/Vivado/2018.2/scripts/rt/data/unisim_comp.v:25692]
INFO: [Synth 8-6155] done synthesizing module 'LUT6_2__parameterized14' (28#1) [C:/Users/iande/Documents/Vivado/2018.2/scripts/rt/data/unisim_comp.v:25692]
INFO: [Synth 8-6157] synthesizing module 'LUT6_2__parameterized15' [C:/Users/iande/Documents/Vivado/2018.2/scripts/rt/data/unisim_comp.v:25692]
INFO: [Synth 8-6155] done synthesizing module 'LUT6_2__parameterized15' (28#1) [C:/Users/iande/Documents/Vivado/2018.2/scripts/rt/data/unisim_comp.v:25692]
INFO: [Synth 8-6157] synthesizing module 'LUT6_2__parameterized16' [C:/Users/iande/Documents/Vivado/2018.2/scripts/rt/data/unisim_comp.v:25692]
INFO: [Synth 8-6155] done synthesizing module 'LUT6_2__parameterized16' (28#1) [C:/Users/iande/Documents/Vivado/2018.2/scripts/rt/data/unisim_comp.v:25692]
INFO: [Synth 8-6157] synthesizing module 'LUT6__parameterized22' [C:/Users/iande/Documents/Vivado/2018.2/scripts/rt/data/unisim_comp.v:25671]
INFO: [Synth 8-6155] done synthesizing module 'LUT6__parameterized22' (28#1) [C:/Users/iande/Documents/Vivado/2018.2/scripts/rt/data/unisim_comp.v:25671]
INFO: [Synth 8-6157] synthesizing module 'LUT6_2__parameterized17' [C:/Users/iande/Documents/Vivado/2018.2/scripts/rt/data/unisim_comp.v:25692]
INFO: [Synth 8-6155] done synthesizing module 'LUT6_2__parameterized17' (28#1) [C:/Users/iande/Documents/Vivado/2018.2/scripts/rt/data/unisim_comp.v:25692]
INFO: [Synth 8-6157] synthesizing module 'LUT6_2__parameterized18' [C:/Users/iande/Documents/Vivado/2018.2/scripts/rt/data/unisim_comp.v:25692]
INFO: [Synth 8-6155] done synthesizing module 'LUT6_2__parameterized18' (28#1) [C:/Users/iande/Documents/Vivado/2018.2/scripts/rt/data/unisim_comp.v:25692]
INFO: [Synth 8-6157] synthesizing module 'LUT6_2__parameterized19' [C:/Users/iande/Documents/Vivado/2018.2/scripts/rt/data/unisim_comp.v:25692]
INFO: [Synth 8-6155] done synthesizing module 'LUT6_2__parameterized19' (28#1) [C:/Users/iande/Documents/Vivado/2018.2/scripts/rt/data/unisim_comp.v:25692]
INFO: [Synth 8-6157] synthesizing module 'LUT6_2__parameterized20' [C:/Users/iande/Documents/Vivado/2018.2/scripts/rt/data/unisim_comp.v:25692]
INFO: [Synth 8-6155] done synthesizing module 'LUT6_2__parameterized20' (28#1) [C:/Users/iande/Documents/Vivado/2018.2/scripts/rt/data/unisim_comp.v:25692]
INFO: [Synth 8-6157] synthesizing module 'LUT6__parameterized23' [C:/Users/iande/Documents/Vivado/2018.2/scripts/rt/data/unisim_comp.v:25671]
INFO: [Synth 8-6155] done synthesizing module 'LUT6__parameterized23' (28#1) [C:/Users/iande/Documents/Vivado/2018.2/scripts/rt/data/unisim_comp.v:25671]
INFO: [Synth 8-6157] synthesizing module 'LUT6__parameterized24' [C:/Users/iande/Documents/Vivado/2018.2/scripts/rt/data/unisim_comp.v:25671]
INFO: [Synth 8-6155] done synthesizing module 'LUT6__parameterized24' (28#1) [C:/Users/iande/Documents/Vivado/2018.2/scripts/rt/data/unisim_comp.v:25671]
INFO: [Synth 8-6157] synthesizing module 'LUT6_2__parameterized21' [C:/Users/iande/Documents/Vivado/2018.2/scripts/rt/data/unisim_comp.v:25692]
INFO: [Synth 8-6155] done synthesizing module 'LUT6_2__parameterized21' (28#1) [C:/Users/iande/Documents/Vivado/2018.2/scripts/rt/data/unisim_comp.v:25692]
INFO: [Synth 8-6157] synthesizing module 'RAMB18E1__parameterized0' [C:/Users/iande/Documents/Vivado/2018.2/scripts/rt/data/unisim_comp.v:48860]
INFO: [Synth 8-6155] done synthesizing module 'RAMB18E1__parameterized0' (28#1) [C:/Users/iande/Documents/Vivado/2018.2/scripts/rt/data/unisim_comp.v:48860]
INFO: [Synth 8-6157] synthesizing module 'LUT6__parameterized25' [C:/Users/iande/Documents/Vivado/2018.2/scripts/rt/data/unisim_comp.v:25671]
INFO: [Synth 8-6155] done synthesizing module 'LUT6__parameterized25' (28#1) [C:/Users/iande/Documents/Vivado/2018.2/scripts/rt/data/unisim_comp.v:25671]
INFO: [Synth 8-6157] synthesizing module 'LUT6__parameterized26' [C:/Users/iande/Documents/Vivado/2018.2/scripts/rt/data/unisim_comp.v:25671]
INFO: [Synth 8-6155] done synthesizing module 'LUT6__parameterized26' (28#1) [C:/Users/iande/Documents/Vivado/2018.2/scripts/rt/data/unisim_comp.v:25671]
INFO: [Synth 8-6157] synthesizing module 'LUT6__parameterized27' [C:/Users/iande/Documents/Vivado/2018.2/scripts/rt/data/unisim_comp.v:25671]
INFO: [Synth 8-6155] done synthesizing module 'LUT6__parameterized27' (28#1) [C:/Users/iande/Documents/Vivado/2018.2/scripts/rt/data/unisim_comp.v:25671]
INFO: [Synth 8-6157] synthesizing module 'LUT6__parameterized28' [C:/Users/iande/Documents/Vivado/2018.2/scripts/rt/data/unisim_comp.v:25671]
INFO: [Synth 8-6155] done synthesizing module 'LUT6__parameterized28' (28#1) [C:/Users/iande/Documents/Vivado/2018.2/scripts/rt/data/unisim_comp.v:25671]
INFO: [Synth 8-6157] synthesizing module 'LUT6__parameterized29' [C:/Users/iande/Documents/Vivado/2018.2/scripts/rt/data/unisim_comp.v:25671]
INFO: [Common 17-14] Message 'Synth 8-6157' appears 100 times and further instances of the messages will be disabled. Use the Tcl command set_msg_config to change the current settings.
INFO: [Synth 8-6155] done synthesizing module 'LUT6__parameterized29' (28#1) [C:/Users/iande/Documents/Vivado/2018.2/scripts/rt/data/unisim_comp.v:25671]
INFO: [Synth 8-6155] done synthesizing module 'LUT6__parameterized30' (28#1) [C:/Users/iande/Documents/Vivado/2018.2/scripts/rt/data/unisim_comp.v:25671]
INFO: [Synth 8-6155] done synthesizing module 'LUT6__parameterized31' (28#1) [C:/Users/iande/Documents/Vivado/2018.2/scripts/rt/data/unisim_comp.v:25671]
INFO: [Common 17-14] Message 'Synth 8-6155' appears 100 times and further instances of the messages will be disabled. Use the Tcl command set_msg_config to change the current settings.
WARNING: [Synth 8-350] instance 'okHI' of module 'okHost' requires 9 connections, but only 7 given [C:/Users/iande/Desktop/covg_fpga/fpga_XEM7310/fpga_XEM7310.srcs/sources_1/imports/iande/Desktop/covg_fpga/SPI_Master/top_level_module.v:131]
	Parameter ADDRESS_WIDTH bound to: 30 - type: integer 
	Parameter AW bound to: 30 - type: integer 
	Parameter CW bound to: 34 - type: integer 
WARNING: [Synth 8-693] zero replication count - replication ignored [C:/Users/iande/Desktop/covg_fpga/fpga_XEM7310/fpga_XEM7310.srcs/sources_1/imports/iande/Desktop/covg_fpga/SPI_Master/spi_top.v:137]
WARNING: [Synth 8-350] instance 'FIFO' of module 'fifo_generator_1' requires 12 connections, but only 10 given [C:/Users/iande/Desktop/covg_fpga/fpga_XEM7310/fpga_XEM7310.srcs/sources_1/imports/iande/Desktop/covg_fpga/SPI_Master/top_module.v:146]
	Parameter S0 bound to: 5'b00000 
	Parameter S1 bound to: 5'b00001 
	Parameter S2 bound to: 5'b00010 
	Parameter S3 bound to: 5'b00011 
	Parameter S4 bound to: 5'b01111 
	Parameter read bound to: 5'b00100 
	Parameter read1 bound to: 5'b00101 
	Parameter read2 bound to: 5'b00110 
	Parameter read3 bound to: 5'b00111 
	Parameter read4 bound to: 5'b01000 
	Parameter read5 bound to: 5'b01001 
	Parameter read6 bound to: 5'b01010 
	Parameter read7 bound to: 5'b01011 
	Parameter halfof_divide_by bound to: 31'b0000101111101011110000100000000 
	Parameter conversion_offset bound to: 14'b10000000000000 
	Parameter master_clock_freq bound to: 16'b0000000011001000 
	Parameter divide_reg_val bound to: 16'b0000000000000001 
	Parameter INIT_0 bound to: 5'b00000 
	Parameter INIT_1 bound to: 5'b00001 
	Parameter INIT_2 bound to: 5'b00010 
	Parameter INIT_3 bound to: 5'b00011 
	Parameter INIT_4 bound to: 5'b00100 
	Parameter INIT_5 bound to: 5'b00101 
	Parameter INIT_6 bound to: 5'b00110 
	Parameter INIT_7 bound to: 5'b00111 
	Parameter INIT_8 bound to: 5'b01000 
	Parameter Convert_0 bound to: 5'b01001 
	Parameter Convert_1 bound to: 5'b01010 
	Parameter Convert_2 bound to: 5'b01011 
	Parameter Transfer_0 bound to: 5'b01100 
	Parameter Transfer_1 bound to: 5'b01101 
	Parameter Transfer_2 bound to: 5'b01110 
	Parameter IDLE_0 bound to: 5'b10001 
WARNING: [Synth 8-689] width (8) of port connection 'slow_pulse' does not match port width (1) of module 'top_module' [C:/Users/iande/Desktop/covg_fpga/fpga_XEM7310/fpga_XEM7310.srcs/sources_1/imports/iande/Desktop/covg_fpga/SPI_Master/top_level_module.v:162]
WARNING: [Synth 8-350] instance 'top' of module 'top_module' requires 17 connections, but only 16 given [C:/Users/iande/Desktop/covg_fpga/fpga_XEM7310/fpga_XEM7310.srcs/sources_1/imports/iande/Desktop/covg_fpga/SPI_Master/top_level_module.v:160]
WARNING: [Synth 8-3917] design top_level_module has port led[7] driven by constant 0
WARNING: [Synth 8-3917] design top_level_module has port led[6] driven by constant 0
WARNING: [Synth 8-3917] design top_level_module has port led[5] driven by constant 0
WARNING: [Synth 8-3917] design top_level_module has port led[4] driven by constant 0
WARNING: [Synth 8-3917] design top_level_module has port led[3] driven by constant 0
WARNING: [Synth 8-3917] design top_level_module has port led[2] driven by constant 0
WARNING: [Synth 8-3917] design top_level_module has port led[1] driven by constant 0
WARNING: [Synth 8-3331] design spi_shift has unconnected port latch[3]
WARNING: [Synth 8-3331] design spi_shift has unconnected port latch[2]
WARNING: [Synth 8-3331] design spi_shift has unconnected port latch[1]
WARNING: [Synth 8-3331] design spi_top has unconnected port wb_adr_i[1]
WARNING: [Synth 8-3331] design spi_top has unconnected port wb_adr_i[0]
WARNING: [Synth 8-3331] design read_AD796x_fifo_cmd has unconnected port empty
WARNING: [Synth 8-3331] design read_AD796x_fifo_cmd has unconnected port adc_dat_i[1]
WARNING: [Synth 8-3331] design read_AD796x_fifo_cmd has unconnected port adc_dat_i[0]
WARNING: [Synth 8-3331] design okBTPipeOut has unconnected port okHE[112]
WARNING: [Synth 8-3331] design okBTPipeOut has unconnected port okHE[111]
WARNING: [Synth 8-3331] design okBTPipeOut has unconnected port okHE[110]
WARNING: [Synth 8-3331] design okBTPipeOut has unconnected port okHE[109]
WARNING: [Synth 8-3331] design okBTPipeOut has unconnected port okHE[108]
WARNING: [Synth 8-3331] design okBTPipeOut has unconnected port okHE[107]
WARNING: [Synth 8-3331] design okBTPipeOut has unconnected port okHE[106]
WARNING: [Synth 8-3331] design okBTPipeOut has unconnected port okHE[105]
WARNING: [Synth 8-3331] design okBTPipeOut has unconnected port okHE[104]
WARNING: [Synth 8-3331] design okBTPipeOut has unconnected port okHE[103]
WARNING: [Synth 8-3331] design okBTPipeOut has unconnected port okHE[102]
WARNING: [Synth 8-3331] design okBTPipeOut has unconnected port okHE[101]
WARNING: [Synth 8-3331] design okBTPipeOut has unconnected port okHE[100]
WARNING: [Synth 8-3331] design okBTPipeOut has unconnected port okHE[99]
WARNING: [Synth 8-3331] design okBTPipeOut has unconnected port okHE[98]
WARNING: [Synth 8-3331] design okBTPipeOut has unconnected port okHE[97]
WARNING: [Synth 8-3331] design okBTPipeOut has unconnected port okHE[96]
WARNING: [Synth 8-3331] design okBTPipeOut has unconnected port okHE[95]
WARNING: [Synth 8-3331] design okBTPipeOut has unconnected port okHE[94]
WARNING: [Synth 8-3331] design okBTPipeOut has unconnected port okHE[93]
WARNING: [Synth 8-3331] design okBTPipeOut has unconnected port okHE[92]
WARNING: [Synth 8-3331] design okBTPipeOut has unconnected port okHE[91]
WARNING: [Synth 8-3331] design okBTPipeOut has unconnected port okHE[90]
WARNING: [Synth 8-3331] design okBTPipeOut has unconnected port okHE[89]
WARNING: [Synth 8-3331] design okBTPipeOut has unconnected port okHE[88]
WARNING: [Synth 8-3331] design okBTPipeOut has unconnected port okHE[87]
WARNING: [Synth 8-3331] design okBTPipeOut has unconnected port okHE[86]
WARNING: [Synth 8-3331] design okBTPipeOut has unconnected port okHE[85]
WARNING: [Synth 8-3331] design okBTPipeOut has unconnected port okHE[84]
WARNING: [Synth 8-3331] design okBTPipeOut has unconnected port okHE[83]
WARNING: [Synth 8-3331] design okBTPipeOut has unconnected port okHE[82]
WARNING: [Synth 8-3331] design okBTPipeOut has unconnected port okHE[81]
WARNING: [Synth 8-3331] design okBTPipeOut has unconnected port okHE[80]
WARNING: [Synth 8-3331] design okBTPipeOut has unconnected port okHE[79]
WARNING: [Synth 8-3331] design okBTPipeOut has unconnected port okHE[78]
WARNING: [Synth 8-3331] design okBTPipeOut has unconnected port okHE[77]
WARNING: [Synth 8-3331] design okBTPipeOut has unconnected port okHE[76]
WARNING: [Synth 8-3331] design okBTPipeOut has unconnected port okHE[75]
WARNING: [Synth 8-3331] design okBTPipeOut has unconnected port okHE[74]
WARNING: [Synth 8-3331] design okBTPipeOut has unconnected port okHE[73]
WARNING: [Synth 8-3331] design okBTPipeOut has unconnected port okHE[72]
WARNING: [Synth 8-3331] design okBTPipeOut has unconnected port okHE[71]
WARNING: [Synth 8-3331] design okBTPipeOut has unconnected port okHE[70]
WARNING: [Synth 8-3331] design okBTPipeOut has unconnected port okHE[69]
WARNING: [Synth 8-3331] design okBTPipeOut has unconnected port okHE[68]
WARNING: [Synth 8-3331] design okBTPipeOut has unconnected port okHE[67]
WARNING: [Synth 8-3331] design okBTPipeOut has unconnected port okHE[66]
WARNING: [Synth 8-3331] design okBTPipeOut has unconnected port okHE[65]
WARNING: [Synth 8-3331] design okBTPipeOut has unconnected port okHE[64]
WARNING: [Synth 8-3331] design okBTPipeOut has unconnected port okHE[63]
WARNING: [Synth 8-3331] design okBTPipeOut has unconnected port okHE[62]
WARNING: [Synth 8-3331] design okBTPipeOut has unconnected port okHE[61]
WARNING: [Synth 8-3331] design okBTPipeOut has unconnected port okHE[60]
WARNING: [Synth 8-3331] design okBTPipeOut has unconnected port okHE[59]
WARNING: [Synth 8-3331] design okBTPipeOut has unconnected port okHE[58]
WARNING: [Synth 8-3331] design okBTPipeOut has unconnected port okHE[57]
WARNING: [Synth 8-3331] design okBTPipeOut has unconnected port okHE[56]
WARNING: [Synth 8-3331] design okBTPipeOut has unconnected port okHE[55]
WARNING: [Synth 8-3331] design okBTPipeOut has unconnected port okHE[54]
WARNING: [Synth 8-3331] design okBTPipeOut has unconnected port okHE[53]
WARNING: [Synth 8-3331] design okBTPipeOut has unconnected port okHE[52]
WARNING: [Synth 8-3331] design okBTPipeOut has unconnected port okHE[51]
WARNING: [Synth 8-3331] design okBTPipeOut has unconnected port okHE[50]
WARNING: [Synth 8-3331] design okBTPipeOut has unconnected port okHE[49]
WARNING: [Synth 8-3331] design okBTPipeOut has unconnected port okHE[48]
WARNING: [Synth 8-3331] design okBTPipeOut has unconnected port okHE[47]
WARNING: [Synth 8-3331] design okBTPipeOut has unconnected port okHE[45]
WARNING: [Synth 8-3331] design okBTPipeOut has unconnected port okHE[44]
WARNING: [Synth 8-3331] design okBTPipeOut has unconnected port okHE[43]
WARNING: [Synth 8-3331] design okBTPipeOut has unconnected port okHE[41]
WARNING: [Synth 8-3331] design okBTPipeOut has unconnected port okHE[40]
WARNING: [Synth 8-3331] design okBTPipeOut has unconnected port okHE[31]
WARNING: [Synth 8-3331] design okBTPipeOut has unconnected port okHE[30]
WARNING: [Synth 8-3331] design okBTPipeOut has unconnected port okHE[29]
WARNING: [Synth 8-3331] design okBTPipeOut has unconnected port okHE[28]
WARNING: [Synth 8-3331] design okBTPipeOut has unconnected port okHE[27]
WARNING: [Synth 8-3331] design okBTPipeOut has unconnected port okHE[26]
WARNING: [Synth 8-3331] design okBTPipeOut has unconnected port okHE[25]
WARNING: [Synth 8-3331] design okBTPipeOut has unconnected port okHE[24]
WARNING: [Synth 8-3331] design okBTPipeOut has unconnected port okHE[23]
WARNING: [Synth 8-3331] design okBTPipeOut has unconnected port okHE[22]
WARNING: [Synth 8-3331] design okBTPipeOut has unconnected port okHE[21]
WARNING: [Synth 8-3331] design okBTPipeOut has unconnected port okHE[20]
WARNING: [Synth 8-3331] design okBTPipeOut has unconnected port okHE[19]
WARNING: [Synth 8-3331] design okBTPipeOut has unconnected port okHE[18]
WARNING: [Synth 8-3331] design okBTPipeOut has unconnected port okHE[17]
WARNING: [Synth 8-3331] design okBTPipeOut has unconnected port okHE[16]
WARNING: [Synth 8-3331] design okBTPipeOut has unconnected port okHE[15]
WARNING: [Synth 8-3331] design okBTPipeOut has unconnected port okHE[14]
WARNING: [Synth 8-3331] design okBTPipeOut has unconnected port okHE[13]
WARNING: [Synth 8-3331] design okBTPipeOut has unconnected port okHE[12]
WARNING: [Synth 8-3331] design okBTPipeOut has unconnected port okHE[11]
INFO: [Common 17-14] Message 'Synth 8-3331' appears 100 times and further instances of the messages will be disabled. Use the Tcl command set_msg_config to change the current settings.
---------------------------------------------------------------------------------
Finished RTL Elaboration : Time (s): cpu = 00:00:09 ; elapsed = 00:00:10 . Memory (MB): peak = 471.055 ; gain = 184.094
---------------------------------------------------------------------------------

Report Check Netlist: 
+------+------------------+-------+---------+-------+------------------+
|      |Item              |Errors |Warnings |Status |Description       |
+------+------------------+-------+---------+-------+------------------+
|1     |multi_driven_nets |      0|        0|Passed |Multi driven nets |
+------+------------------+-------+---------+-------+------------------+
WARNING: [Synth 8-3295] tying undriven pin i_spi_top_0:miso_pad_i to constant 0 [C:/Users/iande/Desktop/covg_fpga/fpga_XEM7310/fpga_XEM7310.srcs/sources_1/imports/iande/Desktop/covg_fpga/SPI_Master/top_module.v:242]
WARNING: [Synth 8-3295] tying undriven pin top:data_rdy_0 to constant 0 [C:/Users/iande/Desktop/covg_fpga/fpga_XEM7310/fpga_XEM7310.srcs/sources_1/imports/iande/Desktop/covg_fpga/SPI_Master/top_level_module.v:160]
---------------------------------------------------------------------------------
Start Handling Custom Attributes
---------------------------------------------------------------------------------
---------------------------------------------------------------------------------
Finished Handling Custom Attributes : Time (s): cpu = 00:00:10 ; elapsed = 00:00:11 . Memory (MB): peak = 471.055 ; gain = 184.094
---------------------------------------------------------------------------------
---------------------------------------------------------------------------------
Finished RTL Optimization Phase 1 : Time (s): cpu = 00:00:10 ; elapsed = 00:00:11 . Memory (MB): peak = 471.055 ; gain = 184.094
---------------------------------------------------------------------------------
INFO: [Netlist 29-17] Analyzing 147 Unisim elements for replacement
INFO: [Netlist 29-28] Unisim Transformation completed in 0 CPU seconds
INFO: [Device 21-403] Loading part xc7a75tfgg484-1
INFO: [Project 1-570] Preparing netlist for logic optimization

Processing XDC Constraints
Initializing timing engine
Parsing XDC File [c:/Users/iande/Desktop/covg_fpga/fpga_XEM7310/fpga_XEM7310.srcs/sources_1/ip/fifo_generator_1/fifo_generator_1/fifo_generator_1_in_context.xdc] for cell 'top/FIFO'
Finished Parsing XDC File [c:/Users/iande/Desktop/covg_fpga/fpga_XEM7310/fpga_XEM7310.srcs/sources_1/ip/fifo_generator_1/fifo_generator_1/fifo_generator_1_in_context.xdc] for cell 'top/FIFO'
Parsing XDC File [C:/Users/iande/Desktop/covg_fpga/fpga_XEM7310/fpga_XEM7310.srcs/constrs_1/imports/Downloads/xem7310.xdc]
WARNING: [Constraints 18-96] Setting input delay on a clock pin 'okUH[0]' is not supported, ignoring it [C:/Users/iande/Desktop/covg_fpga/fpga_XEM7310/fpga_XEM7310.srcs/constrs_1/imports/Downloads/xem7310.xdc:72]
WARNING: [Constraints 18-96] Setting input delay on a clock pin 'okUH[0]' is not supported, ignoring it [C:/Users/iande/Desktop/covg_fpga/fpga_XEM7310/fpga_XEM7310.srcs/constrs_1/imports/Downloads/xem7310.xdc:73]
INFO: [Timing 38-2] Deriving generated clocks [C:/Users/iande/Desktop/covg_fpga/fpga_XEM7310/fpga_XEM7310.srcs/constrs_1/imports/Downloads/xem7310.xdc:99]
WARNING: [Vivado 12-4702] SLEW is not a supported property on input port(s). Setting is ignored. [C:/Users/iande/Desktop/covg_fpga/fpga_XEM7310/fpga_XEM7310.srcs/constrs_1/imports/Downloads/xem7310.xdc:106]
Finished Parsing XDC File [C:/Users/iande/Desktop/covg_fpga/fpga_XEM7310/fpga_XEM7310.srcs/constrs_1/imports/Downloads/xem7310.xdc]
INFO: [Project 1-236] Implementation specific constraints were found while reading constraint file [C:/Users/iande/Desktop/covg_fpga/fpga_XEM7310/fpga_XEM7310.srcs/constrs_1/imports/Downloads/xem7310.xdc]. These constraints will be ignored for synthesis but will be used in implementation. Impacted constraints are listed in the file [.Xil/top_level_module_propImpl.xdc].
Resolution: To avoid this warning, move constraints listed in [.Xil/top_level_module_propImpl.xdc] to another XDC file and exclude this new file from synthesis with the used_in_synthesis property (File Properties dialog in GUI) and re-run elaboration/synthesis.
Sourcing Tcl File [C:/Users/iande/Documents/Vivado/2018.2/data/ip/xpm/xpm_cdc/tcl/xpm_cdc_async_rst.tcl] for cell 'okHI/core0/core0/a0/cb0/U0/inst_fifo_gen/gconvfifo.rf/grf.rf/rstblk/ngwrdrst.grst.g7serrst.gnsckt_wrst.rst_wr_reg2_inst'
Finished Sourcing Tcl File [C:/Users/iande/Documents/Vivado/2018.2/data/ip/xpm/xpm_cdc/tcl/xpm_cdc_async_rst.tcl] for cell 'okHI/core0/core0/a0/cb0/U0/inst_fifo_gen/gconvfifo.rf/grf.rf/rstblk/ngwrdrst.grst.g7serrst.gnsckt_wrst.rst_wr_reg2_inst'
INFO: [Project 1-236] Implementation specific constraints were found while reading constraint file [C:/Users/iande/Documents/Vivado/2018.2/data/ip/xpm/xpm_cdc/tcl/xpm_cdc_async_rst.tcl]. These constraints will be ignored for synthesis but will be used in implementation. Impacted constraints are listed in the file [.Xil/top_level_module_propImpl.xdc].
Resolution: To avoid this warning, move constraints listed in [.Xil/top_level_module_propImpl.xdc] to another XDC file and exclude this new file from synthesis with the used_in_synthesis property (File Properties dialog in GUI) and re-run elaboration/synthesis.
Completed Processing XDC Constraints

INFO: [Project 1-111] Unisim Transformation Summary:
  A total of 98 instances were transformed.
  IBUFG => IBUF: 1 instances
  IBUFGDS => IBUFDS: 1 instances
  IOBUF => IOBUF (IBUF, OBUFT): 33 instances
  LUT6_2 => LUT6_2 (LUT5, LUT6): 50 instances
  MMCME2_BASE => MMCME2_ADV: 1 instances
  RAM128X1S => RAM128X1S (MUXF7, RAMS64E, RAMS64E): 8 instances
  RAM32M => RAM32M (RAMD32, RAMD32, RAMD32, RAMD32, RAMD32, RAMD32, RAMS32, RAMS32): 4 instances

Constraint Validation Runtime : Time (s): cpu = 00:00:00 ; elapsed = 00:00:00.020 . Memory (MB): peak = 821.664 ; gain = 0.000
WARNING: [Timing 38-316] Clock period '10.000' specified during out-of-context synthesis of instance 'top/FIFO' at clock pin 'rd_clk' is different from the actual clock period '9.920', this can lead to different synthesis results.
---------------------------------------------------------------------------------
Finished Constraint Validation : Time (s): cpu = 00:00:25 ; elapsed = 00:00:27 . Memory (MB): peak = 821.664 ; gain = 534.703
---------------------------------------------------------------------------------
---------------------------------------------------------------------------------
Start Loading Part and Timing Information
---------------------------------------------------------------------------------
Loading part: xc7a75tfgg484-1
---------------------------------------------------------------------------------
Finished Loading Part and Timing Information : Time (s): cpu = 00:00:25 ; elapsed = 00:00:27 . Memory (MB): peak = 821.664 ; gain = 534.703
---------------------------------------------------------------------------------
---------------------------------------------------------------------------------
Start Applying 'set_property' XDC Constraints
---------------------------------------------------------------------------------
Applied set_property DONT_TOUCH = true for top/FIFO. (constraint file  auto generated constraint, line ).
Applied set_property DONT_TOUCH = true for okHI/core0/core0/\a0/cb0 /U0/\inst_fifo_gen/gconvfifo.rf/grf.rf/rstblk/ngwrdrst.grst.g7serrst.gnsckt_wrst.rst_wr_reg2_inst . (constraint file  auto generated constraint, line ).
---------------------------------------------------------------------------------
Finished applying 'set_property' XDC Constraints : Time (s): cpu = 00:00:25 ; elapsed = 00:00:27 . Memory (MB): peak = 821.664 ; gain = 534.703
---------------------------------------------------------------------------------
INFO: [Synth 8-802] inferred FSM for state register 'state_reg' in module 'WbSignal_converter'
INFO: [Synth 8-5546] ROM "cmd_word" won't be mapped to RAM because it is too sparse
INFO: [Synth 8-5587] ROM size for "o_stb" is below threshold of ROM address width. It will be mapped to LUTs
INFO: [Synth 8-5544] ROM "nextstate" won't be mapped to Block RAM because address size (1) smaller than threshold (5)
INFO: [Synth 8-5545] ROM "cnt" won't be mapped to RAM because address size (32) is larger than maximum supported(25)
INFO: [Synth 8-5545] ROM "pulse" won't be mapped to RAM because address size (32) is larger than maximum supported(25)
INFO: [Synth 8-802] inferred FSM for state register 'state_reg' in module 'read_AD796x_fifo_cmd'
INFO: [Synth 8-5587] ROM size for "cmd_word" is below threshold of ROM address width. It will be mapped to LUTs
INFO: [Synth 8-5546] ROM "rd_en" won't be mapped to RAM because it is too sparse
INFO: [Synth 8-5587] ROM size for "cmd_stb" is below threshold of ROM address width. It will be mapped to LUTs
INFO: [Synth 8-5546] ROM "adr" won't be mapped to RAM because it is too sparse
INFO: [Synth 8-5544] ROM "nextstate" won't be mapped to Block RAM because address size (1) smaller than threshold (5)
---------------------------------------------------------------------------------------------------
                   State |                     New Encoding |                Previous Encoding 
---------------------------------------------------------------------------------------------------
                      S0 |                    0000000000001 |                            00000
                      S1 |                    0000000000010 |                            00001
                      S2 |                    0000000000100 |                            00010
                      S3 |                    0000000001000 |                            00011
                      S4 |                    0000000010000 |                            01111
                    read |                    0000000100000 |                            00100
                   read1 |                    0000001000000 |                            00101
                   read2 |                    0000010000000 |                            00110
                   read3 |                    0000100000000 |                            00111
                   read4 |                    0001000000000 |                            01000
                   read5 |                    0010000000000 |                            01001
                   read6 |                    0100000000000 |                            01010
                   read7 |                    1000000000000 |                            01011
---------------------------------------------------------------------------------------------------
INFO: [Synth 8-3354] encoded FSM with state register 'state_reg' using encoding 'one-hot' in module 'WbSignal_converter'
WARNING: [Synth 8-327] inferring latch for variable 'cmd_word_reg' [C:/Users/iande/Desktop/covg_fpga/fpga_XEM7310/fpga_XEM7310.srcs/sources_1/imports/iande/Desktop/covg_fpga/SPI_Master/WbSignal_converter.v:119]
---------------------------------------------------------------------------------------------------
                   State |                     New Encoding |                Previous Encoding 
---------------------------------------------------------------------------------------------------
                  INIT_0 |                             0000 |                            00000
                  INIT_1 |                             0001 |                            00001
                  INIT_2 |                             0010 |                            00010
                  INIT_3 |                             0011 |                            00011
                  INIT_4 |                             0100 |                            00100
                  INIT_5 |                             0101 |                            00101
                  INIT_6 |                             0110 |                            00110
                  INIT_7 |                             0111 |                            00111
                  INIT_8 |                             1000 |                            01000
               Convert_0 |                             1001 |                            01001
               Convert_1 |                             1010 |                            01010
               Convert_2 |                             1011 |                            01011
              Transfer_0 |                             1100 |                            01100
              Transfer_1 |                             1101 |                            01101
              Transfer_2 |                             1110 |                            01110
                  IDLE_0 |                             1111 |                            10001
---------------------------------------------------------------------------------------------------
INFO: [Synth 8-3354] encoded FSM with state register 'state_reg' using encoding 'sequential' in module 'read_AD796x_fifo_cmd'
WARNING: [Synth 8-327] inferring latch for variable 'cmd_word_reg' [C:/Users/iande/Desktop/covg_fpga/fpga_XEM7310/fpga_XEM7310.srcs/sources_1/imports/iande/Desktop/covg_fpga/SPI_Master/read_AD796x_fifo_cmd.v:155]
---------------------------------------------------------------------------------
Finished RTL Optimization Phase 2 : Time (s): cpu = 00:00:26 ; elapsed = 00:00:29 . Memory (MB): peak = 821.664 ; gain = 534.703
---------------------------------------------------------------------------------

Report RTL Partitions: 
+-+--------------+------------+----------+
| |RTL Partition |Replication |Instances |
+-+--------------+------------+----------+
+-+--------------+------------+----------+
---------------------------------------------------------------------------------
Start RTL Component Statistics 
---------------------------------------------------------------------------------
---------------------------------------------------------------------------------
Finished RTL Component Statistics 
---------------------------------------------------------------------------------
---------------------------------------------------------------------------------
Start RTL Hierarchical Component Statistics 
---------------------------------------------------------------------------------
---------------------------------------------------------------------------------
Finished RTL Hierarchical Component Statistics
---------------------------------------------------------------------------------
---------------------------------------------------------------------------------
Start Part Resource Summary
---------------------------------------------------------------------------------
Part Resources:
DSPs: 180 (col length:80)
BRAMs: 210 (col length: RAMB18 80 RAMB36 40)
---------------------------------------------------------------------------------
Finished Part Resource Summary
---------------------------------------------------------------------------------
---------------------------------------------------------------------------------
Start Cross Boundary and Area Optimization
---------------------------------------------------------------------------------
Warning: Parallel synthesis criteria is not met 
WARNING: [Synth 8-6014] Unused sequential element Wishbone_Master_0/o_rsp_stb_reg was removed.  [C:/Users/iande/Desktop/covg_fpga/fpga_XEM7310/fpga_XEM7310.srcs/sources_1/imports/iande/Desktop/covg_fpga/SPI_Master/hbexec.v:261]
WARNING: [Synth 8-6014] Unused sequential element Wishbone_Master_0/o_rsp_word_reg was removed.  [C:/Users/iande/Desktop/covg_fpga/fpga_XEM7310/fpga_XEM7310.srcs/sources_1/imports/iande/Desktop/covg_fpga/SPI_Master/hbexec.v:262]
WARNING: [Synth 8-6014] Unused sequential element i_spi_top_0/shift/s_out_reg was removed.  [C:/Users/iande/Desktop/covg_fpga/fpga_XEM7310/fpga_XEM7310.srcs/sources_1/imports/iande/Desktop/covg_fpga/SPI_Master/spi_shift.v:120]
WARNING: [Synth 8-6014] Unused sequential element i_spi_top_0/wb_dat_o_reg was removed.  [C:/Users/iande/Desktop/covg_fpga/fpga_XEM7310/fpga_XEM7310.srcs/sources_1/imports/iande/Desktop/covg_fpga/SPI_Master/spi_top.v:154]
INFO: [Synth 8-5545] ROM "out_pulse/cnt" won't be mapped to RAM because address size (32) is larger than maximum supported(25)
INFO: [Synth 8-5545] ROM "out_pulse/pulse" won't be mapped to RAM because address size (32) is larger than maximum supported(25)
WARNING: [Synth 8-3917] design top_level_module has port led[7] driven by constant 0
WARNING: [Synth 8-3917] design top_level_module has port led[6] driven by constant 0
WARNING: [Synth 8-3917] design top_level_module has port led[5] driven by constant 0
WARNING: [Synth 8-3917] design top_level_module has port led[4] driven by constant 0
WARNING: [Synth 8-3917] design top_level_module has port led[3] driven by constant 0
WARNING: [Synth 8-3917] design top_level_module has port led[2] driven by constant 0
WARNING: [Synth 8-3917] design top_level_module has port led[1] driven by constant 0
INFO: [Synth 8-3333] propagating constant 0 across sequential element (trigOut60/\ep_trigger0_reg[1] )
INFO: [Synth 8-3333] propagating constant 0 across sequential element (trigOut60/\ep_trigger0_reg[2] )
INFO: [Synth 8-3333] propagating constant 0 across sequential element (trigOut60/\ep_trigger0_reg[3] )
INFO: [Synth 8-3333] propagating constant 0 across sequential element (trigOut60/\ep_trigger0_reg[4] )
INFO: [Synth 8-3333] propagating constant 0 across sequential element (trigOut60/\ep_trigger0_reg[5] )
INFO: [Synth 8-3333] propagating constant 0 across sequential element (trigOut60/\ep_trigger0_reg[6] )
INFO: [Synth 8-3333] propagating constant 0 across sequential element (trigOut60/\ep_trigger0_reg[7] )
INFO: [Synth 8-3333] propagating constant 0 across sequential element (trigOut60/\ep_trigger0_reg[8] )
INFO: [Synth 8-3333] propagating constant 0 across sequential element (trigOut60/\ep_trigger0_reg[9] )
INFO: [Synth 8-3333] propagating constant 0 across sequential element (trigOut60/\ep_trigger0_reg[10] )
INFO: [Synth 8-3333] propagating constant 0 across sequential element (trigOut60/\ep_trigger0_reg[11] )
INFO: [Synth 8-3333] propagating constant 0 across sequential element (trigOut60/\ep_trigger0_reg[12] )
INFO: [Synth 8-3333] propagating constant 0 across sequential element (trigOut60/\ep_trigger0_reg[13] )
INFO: [Synth 8-3333] propagating constant 0 across sequential element (trigOut60/\ep_trigger0_reg[14] )
INFO: [Synth 8-3333] propagating constant 0 across sequential element (trigOut60/\ep_trigger0_reg[15] )
INFO: [Synth 8-3333] propagating constant 0 across sequential element (trigOut60/\ep_trigger0_reg[16] )
INFO: [Synth 8-3333] propagating constant 0 across sequential element (trigOut60/\ep_trigger0_reg[17] )
INFO: [Synth 8-3333] propagating constant 0 across sequential element (trigOut60/\ep_trigger0_reg[18] )
INFO: [Synth 8-3333] propagating constant 0 across sequential element (trigOut60/\ep_trigger0_reg[19] )
INFO: [Synth 8-3333] propagating constant 0 across sequential element (trigOut60/\ep_trigger0_reg[20] )
INFO: [Synth 8-3333] propagating constant 0 across sequential element (trigOut60/\ep_trigger0_reg[21] )
INFO: [Synth 8-3333] propagating constant 0 across sequential element (trigOut60/\ep_trigger0_reg[22] )
INFO: [Synth 8-3333] propagating constant 0 across sequential element (trigOut60/\ep_trigger0_reg[23] )
INFO: [Synth 8-3333] propagating constant 0 across sequential element (trigOut60/\ep_trigger0_reg[24] )
INFO: [Synth 8-3333] propagating constant 0 across sequential element (trigOut60/\ep_trigger0_reg[25] )
INFO: [Synth 8-3333] propagating constant 0 across sequential element (trigOut60/\ep_trigger0_reg[26] )
INFO: [Synth 8-3333] propagating constant 0 across sequential element (trigOut60/\ep_trigger0_reg[27] )
INFO: [Synth 8-3333] propagating constant 0 across sequential element (trigOut60/\ep_trigger0_reg[28] )
INFO: [Synth 8-3333] propagating constant 0 across sequential element (trigOut60/\ep_trigger0_reg[29] )
INFO: [Synth 8-3333] propagating constant 0 across sequential element (trigOut60/\ep_trigger0_reg[30] )
INFO: [Synth 8-3333] propagating constant 0 across sequential element (trigOut60/\ep_trigger0_reg[31] )
INFO: [Synth 8-3886] merging instance 'top/CONVERT/cmd_word_reg[31]' (LD) to 'top/CONVERT/cmd_word_reg[30]'
INFO: [Synth 8-3333] propagating constant 0 across sequential element (\top/CONVERT/cmd_word_reg[30] )
INFO: [Synth 8-3886] merging instance 'top/Wishbone_Master/o_wb_data_reg[31]' (FDE) to 'top/Wishbone_Master/o_wb_data_reg[30]'
INFO: [Synth 8-3333] propagating constant 0 across sequential element (\top/Wishbone_Master/o_wb_data_reg[30] )
WARNING: [Synth 8-3332] Sequential element (l008c72ad3b3ec61be52cde84a395c4fa_reg) is unused and will be removed from module okCore.
WARNING: [Synth 8-3332] Sequential element (lbb5e4c7a1ee012efa72f8a060e42e0e9_reg[0]) is unused and will be removed from module okCore.
WARNING: [Synth 8-3332] Sequential element (lbb5e4c7a1ee012efa72f8a060e42e0e9_reg[10]) is unused and will be removed from module okCore.
WARNING: [Synth 8-3332] Sequential element (lbb5e4c7a1ee012efa72f8a060e42e0e9_reg[11]) is unused and will be removed from module okCore.
WARNING: [Synth 8-3332] Sequential element (lbb5e4c7a1ee012efa72f8a060e42e0e9_reg[12]) is unused and will be removed from module okCore.
WARNING: [Synth 8-3332] Sequential element (lbb5e4c7a1ee012efa72f8a060e42e0e9_reg[13]) is unused and will be removed from module okCore.
WARNING: [Synth 8-3332] Sequential element (lbb5e4c7a1ee012efa72f8a060e42e0e9_reg[14]) is unused and will be removed from module okCore.
WARNING: [Synth 8-3332] Sequential element (lbb5e4c7a1ee012efa72f8a060e42e0e9_reg[15]) is unused and will be removed from module okCore.
WARNING: [Synth 8-3332] Sequential element (lbb5e4c7a1ee012efa72f8a060e42e0e9_reg[16]) is unused and will be removed from module okCore.
WARNING: [Synth 8-3332] Sequential element (lbb5e4c7a1ee012efa72f8a060e42e0e9_reg[17]) is unused and will be removed from module okCore.
WARNING: [Synth 8-3332] Sequential element (lbb5e4c7a1ee012efa72f8a060e42e0e9_reg[18]) is unused and will be removed from module okCore.
WARNING: [Synth 8-3332] Sequential element (lbb5e4c7a1ee012efa72f8a060e42e0e9_reg[19]) is unused and will be removed from module okCore.
WARNING: [Synth 8-3332] Sequential element (lbb5e4c7a1ee012efa72f8a060e42e0e9_reg[1]) is unused and will be removed from module okCore.
WARNING: [Synth 8-3332] Sequential element (lbb5e4c7a1ee012efa72f8a060e42e0e9_reg[20]) is unused and will be removed from module okCore.
WARNING: [Synth 8-3332] Sequential element (lbb5e4c7a1ee012efa72f8a060e42e0e9_reg[21]) is unused and will be removed from module okCore.
WARNING: [Synth 8-3332] Sequential element (lbb5e4c7a1ee012efa72f8a060e42e0e9_reg[22]) is unused and will be removed from module okCore.
WARNING: [Synth 8-3332] Sequential element (lbb5e4c7a1ee012efa72f8a060e42e0e9_reg[23]) is unused and will be removed from module okCore.
WARNING: [Synth 8-3332] Sequential element (lbb5e4c7a1ee012efa72f8a060e42e0e9_reg[24]) is unused and will be removed from module okCore.
WARNING: [Synth 8-3332] Sequential element (lbb5e4c7a1ee012efa72f8a060e42e0e9_reg[25]) is unused and will be removed from module okCore.
WARNING: [Synth 8-3332] Sequential element (lbb5e4c7a1ee012efa72f8a060e42e0e9_reg[26]) is unused and will be removed from module okCore.
WARNING: [Synth 8-3332] Sequential element (lbb5e4c7a1ee012efa72f8a060e42e0e9_reg[27]) is unused and will be removed from module okCore.
WARNING: [Synth 8-3332] Sequential element (lbb5e4c7a1ee012efa72f8a060e42e0e9_reg[28]) is unused and will be removed from module okCore.
WARNING: [Synth 8-3332] Sequential element (lbb5e4c7a1ee012efa72f8a060e42e0e9_reg[29]) is unused and will be removed from module okCore.
WARNING: [Synth 8-3332] Sequential element (lbb5e4c7a1ee012efa72f8a060e42e0e9_reg[2]) is unused and will be removed from module okCore.
WARNING: [Synth 8-3332] Sequential element (lbb5e4c7a1ee012efa72f8a060e42e0e9_reg[30]) is unused and will be removed from module okCore.
WARNING: [Synth 8-3332] Sequential element (lbb5e4c7a1ee012efa72f8a060e42e0e9_reg[31]) is unused and will be removed from module okCore.
WARNING: [Synth 8-3332] Sequential element (lbb5e4c7a1ee012efa72f8a060e42e0e9_reg[3]) is unused and will be removed from module okCore.
WARNING: [Synth 8-3332] Sequential element (lbb5e4c7a1ee012efa72f8a060e42e0e9_reg[4]) is unused and will be removed from module okCore.
WARNING: [Synth 8-3332] Sequential element (lbb5e4c7a1ee012efa72f8a060e42e0e9_reg[5]) is unused and will be removed from module okCore.
WARNING: [Synth 8-3332] Sequential element (lbb5e4c7a1ee012efa72f8a060e42e0e9_reg[6]) is unused and will be removed from module okCore.
WARNING: [Synth 8-3332] Sequential element (lbb5e4c7a1ee012efa72f8a060e42e0e9_reg[7]) is unused and will be removed from module okCore.
WARNING: [Synth 8-3332] Sequential element (lbb5e4c7a1ee012efa72f8a060e42e0e9_reg[8]) is unused and will be removed from module okCore.
WARNING: [Synth 8-3332] Sequential element (lbb5e4c7a1ee012efa72f8a060e42e0e9_reg[9]) is unused and will be removed from module okCore.
WARNING: [Synth 8-3332] Sequential element (ld53bc82cafe43594f651cb14d090c4f9_reg[0]) is unused and will be removed from module okCore.
WARNING: [Synth 8-3332] Sequential element (ld53bc82cafe43594f651cb14d090c4f9_reg[10]) is unused and will be removed from module okCore.
WARNING: [Synth 8-3332] Sequential element (ld53bc82cafe43594f651cb14d090c4f9_reg[11]) is unused and will be removed from module okCore.
WARNING: [Synth 8-3332] Sequential element (ld53bc82cafe43594f651cb14d090c4f9_reg[12]) is unused and will be removed from module okCore.
WARNING: [Synth 8-3332] Sequential element (ld53bc82cafe43594f651cb14d090c4f9_reg[13]) is unused and will be removed from module okCore.
WARNING: [Synth 8-3332] Sequential element (ld53bc82cafe43594f651cb14d090c4f9_reg[14]) is unused and will be removed from module okCore.
WARNING: [Synth 8-3332] Sequential element (ld53bc82cafe43594f651cb14d090c4f9_reg[15]) is unused and will be removed from module okCore.
WARNING: [Synth 8-3332] Sequential element (ld53bc82cafe43594f651cb14d090c4f9_reg[16]) is unused and will be removed from module okCore.
WARNING: [Synth 8-3332] Sequential element (ld53bc82cafe43594f651cb14d090c4f9_reg[17]) is unused and will be removed from module okCore.
WARNING: [Synth 8-3332] Sequential element (ld53bc82cafe43594f651cb14d090c4f9_reg[18]) is unused and will be removed from module okCore.
WARNING: [Synth 8-3332] Sequential element (ld53bc82cafe43594f651cb14d090c4f9_reg[19]) is unused and will be removed from module okCore.
WARNING: [Synth 8-3332] Sequential element (ld53bc82cafe43594f651cb14d090c4f9_reg[1]) is unused and will be removed from module okCore.
WARNING: [Synth 8-3332] Sequential element (ld53bc82cafe43594f651cb14d090c4f9_reg[20]) is unused and will be removed from module okCore.
WARNING: [Synth 8-3332] Sequential element (ld53bc82cafe43594f651cb14d090c4f9_reg[21]) is unused and will be removed from module okCore.
WARNING: [Synth 8-3332] Sequential element (ld53bc82cafe43594f651cb14d090c4f9_reg[22]) is unused and will be removed from module okCore.
WARNING: [Synth 8-3332] Sequential element (ld53bc82cafe43594f651cb14d090c4f9_reg[23]) is unused and will be removed from module okCore.
WARNING: [Synth 8-3332] Sequential element (ld53bc82cafe43594f651cb14d090c4f9_reg[24]) is unused and will be removed from module okCore.
WARNING: [Synth 8-3332] Sequential element (ld53bc82cafe43594f651cb14d090c4f9_reg[25]) is unused and will be removed from module okCore.
WARNING: [Synth 8-3332] Sequential element (ld53bc82cafe43594f651cb14d090c4f9_reg[26]) is unused and will be removed from module okCore.
WARNING: [Synth 8-3332] Sequential element (ld53bc82cafe43594f651cb14d090c4f9_reg[27]) is unused and will be removed from module okCore.
WARNING: [Synth 8-3332] Sequential element (ld53bc82cafe43594f651cb14d090c4f9_reg[28]) is unused and will be removed from module okCore.
WARNING: [Synth 8-3332] Sequential element (ld53bc82cafe43594f651cb14d090c4f9_reg[29]) is unused and will be removed from module okCore.
WARNING: [Synth 8-3332] Sequential element (ld53bc82cafe43594f651cb14d090c4f9_reg[2]) is unused and will be removed from module okCore.
WARNING: [Synth 8-3332] Sequential element (ld53bc82cafe43594f651cb14d090c4f9_reg[30]) is unused and will be removed from module okCore.
WARNING: [Synth 8-3332] Sequential element (ld53bc82cafe43594f651cb14d090c4f9_reg[31]) is unused and will be removed from module okCore.
WARNING: [Synth 8-3332] Sequential element (ld53bc82cafe43594f651cb14d090c4f9_reg[3]) is unused and will be removed from module okCore.
WARNING: [Synth 8-3332] Sequential element (ld53bc82cafe43594f651cb14d090c4f9_reg[4]) is unused and will be removed from module okCore.
WARNING: [Synth 8-3332] Sequential element (ld53bc82cafe43594f651cb14d090c4f9_reg[5]) is unused and will be removed from module okCore.
WARNING: [Synth 8-3332] Sequential element (ld53bc82cafe43594f651cb14d090c4f9_reg[6]) is unused and will be removed from module okCore.
WARNING: [Synth 8-3332] Sequential element (ld53bc82cafe43594f651cb14d090c4f9_reg[7]) is unused and will be removed from module okCore.
WARNING: [Synth 8-3332] Sequential element (ld53bc82cafe43594f651cb14d090c4f9_reg[8]) is unused and will be removed from module okCore.
WARNING: [Synth 8-3332] Sequential element (ld53bc82cafe43594f651cb14d090c4f9_reg[9]) is unused and will be removed from module okCore.
WARNING: [Synth 8-3332] Sequential element (lf38b0951701b1c1d5bc7a746e996b3c6_reg) is unused and will be removed from module okCore.
WARNING: [Synth 8-3332] Sequential element (ep_trigger_reg[10]) is unused and will be removed from module okTriggerIn.
WARNING: [Synth 8-3332] Sequential element (ep_trigger_reg[11]) is unused and will be removed from module okTriggerIn.
WARNING: [Synth 8-3332] Sequential element (ep_trigger_reg[12]) is unused and will be removed from module okTriggerIn.
WARNING: [Synth 8-3332] Sequential element (ep_trigger_reg[13]) is unused and will be removed from module okTriggerIn.
WARNING: [Synth 8-3332] Sequential element (ep_trigger_reg[14]) is unused and will be removed from module okTriggerIn.
WARNING: [Synth 8-3332] Sequential element (ep_trigger_reg[15]) is unused and will be removed from module okTriggerIn.
WARNING: [Synth 8-3332] Sequential element (ep_trigger_reg[16]) is unused and will be removed from module okTriggerIn.
WARNING: [Synth 8-3332] Sequential element (ep_trigger_reg[17]) is unused and will be removed from module okTriggerIn.
WARNING: [Synth 8-3332] Sequential element (ep_trigger_reg[18]) is unused and will be removed from module okTriggerIn.
WARNING: [Synth 8-3332] Sequential element (ep_trigger_reg[19]) is unused and will be removed from module okTriggerIn.
WARNING: [Synth 8-3332] Sequential element (ep_trigger_reg[20]) is unused and will be removed from module okTriggerIn.
WARNING: [Synth 8-3332] Sequential element (ep_trigger_reg[21]) is unused and will be removed from module okTriggerIn.
WARNING: [Synth 8-3332] Sequential element (ep_trigger_reg[22]) is unused and will be removed from module okTriggerIn.
WARNING: [Synth 8-3332] Sequential element (ep_trigger_reg[23]) is unused and will be removed from module okTriggerIn.
WARNING: [Synth 8-3332] Sequential element (ep_trigger_reg[24]) is unused and will be removed from module okTriggerIn.
WARNING: [Synth 8-3332] Sequential element (ep_trigger_reg[25]) is unused and will be removed from module okTriggerIn.
WARNING: [Synth 8-3332] Sequential element (ep_trigger_reg[26]) is unused and will be removed from module okTriggerIn.
WARNING: [Synth 8-3332] Sequential element (ep_trigger_reg[27]) is unused and will be removed from module okTriggerIn.
WARNING: [Synth 8-3332] Sequential element (ep_trigger_reg[28]) is unused and will be removed from module okTriggerIn.
WARNING: [Synth 8-3332] Sequential element (ep_trigger_reg[29]) is unused and will be removed from module okTriggerIn.
WARNING: [Synth 8-3332] Sequential element (ep_trigger_reg[30]) is unused and will be removed from module okTriggerIn.
WARNING: [Synth 8-3332] Sequential element (ep_trigger_reg[31]) is unused and will be removed from module okTriggerIn.
WARNING: [Synth 8-3332] Sequential element (ep_trigger_reg[3]) is unused and will be removed from module okTriggerIn.
WARNING: [Synth 8-3332] Sequential element (ep_trigger_reg[4]) is unused and will be removed from module okTriggerIn.
WARNING: [Synth 8-3332] Sequential element (ep_trigger_reg[5]) is unused and will be removed from module okTriggerIn.
WARNING: [Synth 8-3332] Sequential element (ep_trigger_reg[6]) is unused and will be removed from module okTriggerIn.
WARNING: [Synth 8-3332] Sequential element (ep_trigger_reg[7]) is unused and will be removed from module okTriggerIn.
WARNING: [Synth 8-3332] Sequential element (ep_trigger_reg[8]) is unused and will be removed from module okTriggerIn.
WARNING: [Synth 8-3332] Sequential element (ep_trigger_reg[9]) is unused and will be removed from module okTriggerIn.
WARNING: [Synth 8-3332] Sequential element (eptrig_reg[10]) is unused and will be removed from module okTriggerIn.
WARNING: [Synth 8-3332] Sequential element (eptrig_reg[11]) is unused and will be removed from module okTriggerIn.
WARNING: [Synth 8-3332] Sequential element (eptrig_reg[12]) is unused and will be removed from module okTriggerIn.
WARNING: [Synth 8-3332] Sequential element (eptrig_reg[13]) is unused and will be removed from module okTriggerIn.
WARNING: [Synth 8-3332] Sequential element (eptrig_reg[14]) is unused and will be removed from module okTriggerIn.
INFO: [Common 17-14] Message 'Synth 8-3332' appears 100 times and further instances of the messages will be disabled. Use the Tcl command set_msg_config to change the current settings.
---------------------------------------------------------------------------------
Finished Cross Boundary and Area Optimization : Time (s): cpu = 00:00:30 ; elapsed = 00:00:33 . Memory (MB): peak = 821.664 ; gain = 534.703
---------------------------------------------------------------------------------

Report RTL Partitions: 
+-+--------------+------------+----------+
| |RTL Partition |Replication |Instances |
+-+--------------+------------+----------+
+-+--------------+------------+----------+
---------------------------------------------------------------------------------
Start Applying XDC Timing Constraints
---------------------------------------------------------------------------------
INFO: [Synth 8-5578] Moved timing constraint from pin 'okHI/core0/core0/a0/cb0/U0/inst_fifo_gen/gconvfifo.rf/grf.rf/rstblk/ngwrdrst.grst.g7serrst.gnsckt_wrst.rst_wr_reg2_inst/src_arst' to pin 'okHI/core0/core0/a0/l62a5479e7989ce7f4d5507c695cc69cf_reg/Q'
INFO: [Synth 8-5819] Moved 1 constraints on hierarchical pins to their respective driving/loading pins
---------------------------------------------------------------------------------
Finished Applying XDC Timing Constraints : Time (s): cpu = 00:00:46 ; elapsed = 00:00:49 . Memory (MB): peak = 821.664 ; gain = 534.703
---------------------------------------------------------------------------------
---------------------------------------------------------------------------------
Start Timing Optimization
---------------------------------------------------------------------------------
---------------------------------------------------------------------------------
Finished Timing Optimization : Time (s): cpu = 00:00:48 ; elapsed = 00:00:52 . Memory (MB): peak = 855.707 ; gain = 568.746
---------------------------------------------------------------------------------

Report RTL Partitions: 
+-+--------------+------------+----------+
| |RTL Partition |Replication |Instances |
+-+--------------+------------+----------+
+-+--------------+------------+----------+
---------------------------------------------------------------------------------
Start Technology Mapping
---------------------------------------------------------------------------------
---------------------------------------------------------------------------------
Finished Technology Mapping : Time (s): cpu = 00:00:49 ; elapsed = 00:00:53 . Memory (MB): peak = 856.730 ; gain = 569.770
---------------------------------------------------------------------------------

Report RTL Partitions: 
+-+--------------+------------+----------+
| |RTL Partition |Replication |Instances |
+-+--------------+------------+----------+
+-+--------------+------------+----------+
---------------------------------------------------------------------------------
Start IO Insertion
---------------------------------------------------------------------------------
---------------------------------------------------------------------------------
Start Flattening Before IO Insertion
---------------------------------------------------------------------------------
---------------------------------------------------------------------------------
Finished Flattening Before IO Insertion
---------------------------------------------------------------------------------
---------------------------------------------------------------------------------
Start Final Netlist Cleanup
---------------------------------------------------------------------------------
---------------------------------------------------------------------------------
Finished Final Netlist Cleanup
---------------------------------------------------------------------------------
---------------------------------------------------------------------------------
Finished IO Insertion : Time (s): cpu = 00:00:50 ; elapsed = 00:00:54 . Memory (MB): peak = 856.730 ; gain = 569.770
---------------------------------------------------------------------------------

Report Check Netlist: 
+------+------------------+-------+---------+-------+------------------+
|      |Item              |Errors |Warnings |Status |Description       |
+------+------------------+-------+---------+-------+------------------+
|1     |multi_driven_nets |      0|        0|Passed |Multi driven nets |
+------+------------------+-------+---------+-------+------------------+
---------------------------------------------------------------------------------
Start Renaming Generated Instances
---------------------------------------------------------------------------------
---------------------------------------------------------------------------------
Finished Renaming Generated Instances : Time (s): cpu = 00:00:50 ; elapsed = 00:00:54 . Memory (MB): peak = 856.730 ; gain = 569.770
---------------------------------------------------------------------------------

Report RTL Partitions: 
+-+--------------+------------+----------+
| |RTL Partition |Replication |Instances |
+-+--------------+------------+----------+
+-+--------------+------------+----------+
---------------------------------------------------------------------------------
Start Rebuilding User Hierarchy
---------------------------------------------------------------------------------
---------------------------------------------------------------------------------
Finished Rebuilding User Hierarchy : Time (s): cpu = 00:00:51 ; elapsed = 00:00:54 . Memory (MB): peak = 856.730 ; gain = 569.770
---------------------------------------------------------------------------------
---------------------------------------------------------------------------------
Start Renaming Generated Ports
---------------------------------------------------------------------------------
---------------------------------------------------------------------------------
Finished Renaming Generated Ports : Time (s): cpu = 00:00:51 ; elapsed = 00:00:54 . Memory (MB): peak = 856.730 ; gain = 569.770
---------------------------------------------------------------------------------
---------------------------------------------------------------------------------
Start Handling Custom Attributes
---------------------------------------------------------------------------------
---------------------------------------------------------------------------------
Finished Handling Custom Attributes : Time (s): cpu = 00:00:51 ; elapsed = 00:00:54 . Memory (MB): peak = 856.730 ; gain = 569.770
---------------------------------------------------------------------------------
---------------------------------------------------------------------------------
Start Renaming Generated Nets
---------------------------------------------------------------------------------
---------------------------------------------------------------------------------
Finished Renaming Generated Nets : Time (s): cpu = 00:00:51 ; elapsed = 00:00:54 . Memory (MB): peak = 856.730 ; gain = 569.770
---------------------------------------------------------------------------------
---------------------------------------------------------------------------------
Start Writing Synthesis Report
---------------------------------------------------------------------------------

Report BlackBoxes: 
+------+-----------------+----------+
|      |BlackBox name    |Instances |
+------+-----------------+----------+
|1     |fifo_generator_1 |         1|
+------+-----------------+----------+

Report Cell Usage: 
+------+-----------------+------+
|      |Cell             |Count |
+------+-----------------+------+
|1     |fifo_generator_1 |     1|
|2     |BUFG             |     4|
|3     |CARRY4           |    74|
|4     |DNA_PORT         |     1|
|5     |LUT1             |    59|
|6     |LUT2             |   120|
|7     |LUT3             |   199|
|8     |LUT4             |   315|
|9     |LUT5             |   191|
|10    |LUT6             |   500|
|11    |LUT6_2           |    50|
|12    |MMCME2_BASE      |     1|
|13    |MUXF7            |     5|
|14    |RAM128X1S        |     8|
|15    |RAM32M           |     4|
|16    |RAMB18E1         |     1|
|17    |RAMB18E1_1       |     1|
|18    |RAMB36E1         |     1|
|19    |FDCE             |   344|
|20    |FDPE             |    57|
|21    |FDRE             |   853|
|22    |FDSE             |    24|
|23    |LD               |    32|
|24    |IBUF             |     6|
|25    |IBUFG            |     1|
|26    |IBUFGDS          |     1|
|27    |IOBUF            |    33|
|28    |OBUF             |    30|
+------+-----------------+------+
---------------------------------------------------------------------------------
Finished Writing Synthesis Report : Time (s): cpu = 00:00:51 ; elapsed = 00:00:54 . Memory (MB): peak = 856.730 ; gain = 569.770
---------------------------------------------------------------------------------
Synthesis finished with 0 errors, 0 critical warnings and 886 warnings.
Synthesis Optimization Runtime : Time (s): cpu = 00:00:30 ; elapsed = 00:00:42 . Memory (MB): peak = 856.730 ; gain = 219.160
Synthesis Optimization Complete : Time (s): cpu = 00:00:51 ; elapsed = 00:00:54 . Memory (MB): peak = 856.730 ; gain = 569.770
INFO: [Project 1-571] Translating synthesized netlist
INFO: [Netlist 29-17] Analyzing 218 Unisim elements for replacement
INFO: [Netlist 29-28] Unisim Transformation completed in 0 CPU seconds
INFO: [Project 1-570] Preparing netlist for logic optimization
INFO: [Opt 31-138] Pushed 0 inverter(s) to 0 load pin(s).
INFO: [Project 1-111] Unisim Transformation Summary:
  A total of 130 instances were transformed.
  IBUFG => IBUF: 1 instances
  IBUFGDS => IBUFDS: 1 instances
  IOBUF => IOBUF (IBUF, OBUFT): 33 instances
  LD => LDCE: 32 instances
  LUT6_2 => LUT6_2 (LUT5, LUT6): 50 instances
  MMCME2_BASE => MMCME2_ADV: 1 instances
  RAM128X1S => RAM128X1S (MUXF7, RAMS64E, RAMS64E): 8 instances
  RAM32M => RAM32M (RAMD32, RAMD32, RAMD32, RAMD32, RAMD32, RAMD32, RAMS32, RAMS32): 4 instances

INFO: [Common 17-83] Releasing license: Synthesis
279 Infos, 237 Warnings, 0 Critical Warnings and 0 Errors encountered.
synth_design completed successfully
synth_design: Time (s): cpu = 00:00:55 ; elapsed = 00:00:59 . Memory (MB): peak = 856.730 ; gain = 581.285
WARNING: [Constraints 18-5210] No constraint will be written out.
INFO: [Common 17-1381] The checkpoint 'C:/Users/iande/Desktop/covg_fpga/fpga_XEM7310/fpga_XEM7310.runs/synth_1/top_level_module.dcp' has been generated.
INFO: [runtcl-4] Executing : report_utilization -file top_level_module_utilization_synth.rpt -pb top_level_module_utilization_synth.pb
report_utilization: Time (s): cpu = 00:00:00 ; elapsed = 00:00:00.074 . Memory (MB): peak = 856.730 ; gain = 0.000
INFO: [Common 17-206] Exiting Vivado at Thu Apr 29 21:54:28 2021...
