#-----------------------------------------------------------
# Vivado v2018.2 (64-bit)
# SW Build 2258646 on Thu Jun 14 20:03:12 MDT 2018
# IP Build 2256618 on Thu Jun 14 22:10:49 MDT 2018
# Start of session at: Tue Jul 13 16:29:54 2021
# Process ID: 8656
# Current directory: C:/Users/stro4149/Desktop/covg_fpga/fpga_XEM7310
# Command line: vivado.exe -gui_launcher_event rodinguilauncherevent13104 C:\Users\stro4149\Desktop\covg_fpga\fpga_XEM7310\fpga_XEM7310.xpr
# Log file: C:/Users/stro4149/Desktop/covg_fpga/fpga_XEM7310/vivado.log
# Journal file: C:/Users/stro4149/Desktop/covg_fpga/fpga_XEM7310\vivado.jou
#-----------------------------------------------------------
start_gui
open_project C:/Users/stro4149/Desktop/covg_fpga/fpga_XEM7310/fpga_XEM7310.xpr
Scanning sources...
Finished scanning sources
INFO: [IP_Flow 19-234] Refreshing IP repositories
INFO: [IP_Flow 19-1704] No user IP repositories specified
INFO: [IP_Flow 19-2313] Loaded Vivado IP repository 'C:/Xilinx/Vivado/2018.2/data/ip'.
open_project: Time (s): cpu = 00:00:09 ; elapsed = 00:00:05 . Memory (MB): peak = 842.887 ; gain = 112.117
reset_run synth_1
launch_runs impl_1 -to_step write_bitstream -jobs 4
[Tue Jul 13 16:30:25 2021] Launched synth_1...
Run output will be captured here: C:/Users/stro4149/Desktop/covg_fpga/fpga_XEM7310/fpga_XEM7310.runs/synth_1/runme.log
[Tue Jul 13 16:30:25 2021] Launched impl_1...
Run output will be captured here: C:/Users/stro4149/Desktop/covg_fpga/fpga_XEM7310/fpga_XEM7310.runs/impl_1/runme.log
import_files -norecurse C:/Users/stro4149/Downloads/DAC80508.v
import_files -norecurse C:/Users/stro4149/Downloads/DAC80508.v
reset_run synth_1
launch_runs impl_1 -to_step write_bitstream -jobs 4
[Tue Jul 13 16:35:55 2021] Launched synth_1...
Run output will be captured here: C:/Users/stro4149/Desktop/covg_fpga/fpga_XEM7310/fpga_XEM7310.runs/synth_1/runme.log
[Tue Jul 13 16:35:55 2021] Launched impl_1...
Run output will be captured here: C:/Users/stro4149/Desktop/covg_fpga/fpga_XEM7310/fpga_XEM7310.runs/impl_1/runme.log
reset_run synth_1
launch_runs impl_1 -to_step write_bitstream -jobs 4
[Wed Jul 14 07:50:44 2021] Launched synth_1...
Run output will be captured here: C:/Users/stro4149/Desktop/covg_fpga/fpga_XEM7310/fpga_XEM7310.runs/synth_1/runme.log
[Wed Jul 14 07:50:44 2021] Launched impl_1...
Run output will be captured here: C:/Users/stro4149/Desktop/covg_fpga/fpga_XEM7310/fpga_XEM7310.runs/impl_1/runme.log
